Using pre-set license
Built from '2022.3/release' branch; Version is '2022.3.20f1 (61c2feb0970d) revision 6406910'; Using compiler version '192829333'; Build Type 'Release'
OS: 'Windows 11  (10.0.22631) 64bit Core' Language: 'en' Physical Memory: 16083 MB
BatchMode: 1, IsHumanControllingUs: 0, StartBugReporterOnCrash: 0, Is64bit: 1, IsPro: 1

COMMAND LINE ARGUMENTS:
C:\Program Files\Unity\Hub\Editor\2022.3.20f1\Editor\Unity.exe
-adb2
-batchMode
-noUpm
-name
AssetImportWorker4
-projectPath
C:/Users/svenj/Documents/TowerDefenseJaar2M1/TowerdefenseJaar2M1
-logFile
Logs/AssetImportWorker4.log
-srvPort
51870
Successfully changed project path to: C:/Users/svenj/Documents/TowerDefenseJaar2M1/TowerdefenseJaar2M1
C:/Users/svenj/Documents/TowerDefenseJaar2M1/TowerdefenseJaar2M1
[UnityMemory] Configuration Parameters - Can be set up in boot.config
    "memorysetup-bucket-allocator-granularity=16"
    "memorysetup-bucket-allocator-bucket-count=8"
    "memorysetup-bucket-allocator-block-size=33554432"
    "memorysetup-bucket-allocator-block-count=8"
    "memorysetup-main-allocator-block-size=16777216"
    "memorysetup-thread-allocator-block-size=16777216"
    "memorysetup-gfx-main-allocator-block-size=16777216"
    "memorysetup-gfx-thread-allocator-block-size=16777216"
    "memorysetup-cache-allocator-block-size=4194304"
    "memorysetup-typetree-allocator-block-size=2097152"
    "memorysetup-profiler-bucket-allocator-granularity=16"
    "memorysetup-profiler-bucket-allocator-bucket-count=8"
    "memorysetup-profiler-bucket-allocator-block-size=33554432"
    "memorysetup-profiler-bucket-allocator-block-count=8"
    "memorysetup-profiler-allocator-block-size=16777216"
    "memorysetup-profiler-editor-allocator-block-size=1048576"
    "memorysetup-temp-allocator-size-main=16777216"
    "memorysetup-job-temp-allocator-block-size=2097152"
    "memorysetup-job-temp-allocator-block-size-background=1048576"
    "memorysetup-job-temp-allocator-reduction-small-platforms=262144"
    "memorysetup-allocator-temp-initial-block-size-main=262144"
    "memorysetup-allocator-temp-initial-block-size-worker=262144"
    "memorysetup-temp-allocator-size-background-worker=32768"
    "memorysetup-temp-allocator-size-job-worker=262144"
    "memorysetup-temp-allocator-size-preload-manager=33554432"
    "memorysetup-temp-allocator-size-nav-mesh-worker=65536"
    "memorysetup-temp-allocator-size-audio-worker=65536"
    "memorysetup-temp-allocator-size-cloud-worker=32768"
    "memorysetup-temp-allocator-size-gi-baking-worker=262144"
    "memorysetup-temp-allocator-size-gfx=262144"
Player connection [13920] Host "[IP] 10.120.3.170 [Port] 0 [Flags] 2 [Guid] 1123808989 [EditorId] 1123808989 [Version] 1048832 [Id] WindowsEditor(7,galaxybook) [Debug] 1 [PackageName] WindowsEditor [ProjectName] Editor" joined multi-casting on [225.0.0.222:54997]...

Player connection [13920] Host "[IP] 10.120.3.170 [Port] 0 [Flags] 2 [Guid] 1123808989 [EditorId] 1123808989 [Version] 1048832 [Id] WindowsEditor(7,galaxybook) [Debug] 1 [PackageName] WindowsEditor [ProjectName] Editor" joined alternative multi-casting on [225.0.0.222:34997]...

[Physics::Module] Initialized MultithreadedJobDispatcher with 11 workers.
Refreshing native plugins compatible for Editor in 83.20 ms, found 4 plugins.
Preloading 0 native plugins for Editor in 0.00 ms.
Initialize engine version: 2022.3.20f1 (61c2feb0970d)
[Subsystems] Discovering subsystems at path C:/Program Files/Unity/Hub/Editor/2022.3.20f1/Editor/Data/Resources/UnitySubsystems
[Subsystems] Discovering subsystems at path C:/Users/svenj/Documents/TowerDefenseJaar2M1/TowerdefenseJaar2M1/Assets
GfxDevice: creating device client; threaded=0; jobified=0
Direct3D:
    Version:  Direct3D 11.0 [level 11.1]
    Renderer: Intel(R) Iris(R) Xe Graphics (ID=0x46a8)
    Vendor:   Intel
    VRAM:     8041 MB
    Driver:   30.0.101.2079
Initialize mono
Mono path[0] = 'C:/Program Files/Unity/Hub/Editor/2022.3.20f1/Editor/Data/Managed'
Mono path[1] = 'C:/Program Files/Unity/Hub/Editor/2022.3.20f1/Editor/Data/MonoBleedingEdge/lib/mono/unityjit-win32'
Mono config path = 'C:/Program Files/Unity/Hub/Editor/2022.3.20f1/Editor/Data/MonoBleedingEdge/etc'
Using monoOptions --debugger-agent=transport=dt_socket,embedding=1,server=y,suspend=n,address=127.0.0.1:56948
Begin MonoManager ReloadAssembly
Registering precompiled unity dll's ...
Register platform support module: C:/Program Files/Unity/Hub/Editor/2022.3.20f1/Editor/Data/PlaybackEngines/WindowsStandaloneSupport/UnityEditor.WindowsStandalone.Extensions.dll
Registered in 0.016394 seconds.
- Loaded All Assemblies, in  0.920 seconds
Native extension for WindowsStandalone target not found
Mono: successfully reloaded assembly
- Finished resetting the current domain, in  0.487 seconds
Domain Reload Profiling: 1405ms
	BeginReloadAssembly (353ms)
		ExecutionOrderSort (0ms)
		DisableScriptedObjects (0ms)
		BackupInstance (0ms)
		ReleaseScriptingObjects (0ms)
		CreateAndSetChildDomain (3ms)
	RebuildCommonClasses (58ms)
	RebuildNativeTypeToScriptingClass (15ms)
	initialDomainReloadingComplete (98ms)
	LoadAllAssembliesAndSetupDomain (391ms)
		LoadAssemblies (344ms)
		RebuildTransferFunctionScriptingTraits (0ms)
		AnalyzeDomain (388ms)
			TypeCache.Refresh (385ms)
				TypeCache.ScanAssembly (344ms)
			ScanForSourceGeneratedMonoScriptInfo (1ms)
			ResolveRequiredComponents (1ms)
	FinalizeReload (490ms)
		ReleaseScriptCaches (0ms)
		RebuildScriptCaches (0ms)
		SetupLoadedEditorAssemblies (396ms)
			LogAssemblyErrors (0ms)
			InitializePlatformSupportModulesInManaged (14ms)
			SetLoadedEditorAssemblies (12ms)
			RefreshPlugins (0ms)
			BeforeProcessingInitializeOnLoad (4ms)
			ProcessInitializeOnLoadAttributes (281ms)
			ProcessInitializeOnLoadMethodAttributes (83ms)
			AfterProcessingInitializeOnLoad (0ms)
			EditorAssembliesLoaded (1ms)
		ExecutionOrderSort2 (0ms)
		AwakeInstancesAfterBackupRestoration (0ms)
========================================================================
Worker process is ready to serve import requests
Begin MonoManager ReloadAssembly
- Loaded All Assemblies, in  2.202 seconds
Refreshing native plugins compatible for Editor in 12.44 ms, found 4 plugins.
Native extension for WindowsStandalone target not found
Package Manager log level set to [2]
[Package Manager] Server::EnsureServerProcessIsRunning -- launch failed, reason: Unity was launched with the -noUpm command-line argument
[Package Manager] UpmClient::Send -- Unable to send message (not connected to UPM process).
[Package Manager] Cannot connect to Unity Package Manager local server
Mono: successfully reloaded assembly
- Finished resetting the current domain, in  1.381 seconds
Domain Reload Profiling: 3576ms
	BeginReloadAssembly (238ms)
		ExecutionOrderSort (0ms)
		DisableScriptedObjects (8ms)
		BackupInstance (0ms)
		ReleaseScriptingObjects (0ms)
		CreateAndSetChildDomain (25ms)
	RebuildCommonClasses (54ms)
	RebuildNativeTypeToScriptingClass (16ms)
	initialDomainReloadingComplete (80ms)
	LoadAllAssembliesAndSetupDomain (1806ms)
		LoadAssemblies (933ms)
		RebuildTransferFunctionScriptingTraits (0ms)
		AnalyzeDomain (1032ms)
			TypeCache.Refresh (966ms)
				TypeCache.ScanAssembly (943ms)
			ScanForSourceGeneratedMonoScriptInfo (44ms)
			ResolveRequiredComponents (19ms)
	FinalizeReload (1382ms)
		ReleaseScriptCaches (0ms)
		RebuildScriptCaches (0ms)
		SetupLoadedEditorAssemblies (1093ms)
			LogAssemblyErrors (0ms)
			InitializePlatformSupportModulesInManaged (10ms)
			SetLoadedEditorAssemblies (9ms)
			RefreshPlugins (0ms)
			BeforeProcessingInitializeOnLoad (196ms)
			ProcessInitializeOnLoadAttributes (754ms)
			ProcessInitializeOnLoadMethodAttributes (108ms)
			AfterProcessingInitializeOnLoad (16ms)
			EditorAssembliesLoaded (0ms)
		ExecutionOrderSort2 (0ms)
		AwakeInstancesAfterBackupRestoration (6ms)
Launched and connected shader compiler UnityShaderCompiler.exe after 0.09 seconds
Refreshing native plugins compatible for Editor in 17.04 ms, found 4 plugins.
Preloading 0 native plugins for Editor in 0.00 ms.
Unloading 5669 Unused Serialized files (Serialized files now loaded: 0)
Unloading 91 unused Assets / (0.5 MB). Loaded Objects now: 6123.
Memory consumption went from 220.2 MB to 219.7 MB.
Total: 17.414200 ms (FindLiveObjects: 0.512700 ms CreateObjectMapping: 0.329400 ms MarkObjects: 16.195300 ms  DeleteObjects: 0.374900 ms)

AssetImportParameters requested are different than current active one (requested -> active):
  custom:container-demuxer-ogg: 62fdf1f143b41e24485cea50d1cbac27 -> 
  custom:video-codec-MediaFoundation-h265: 746d11721c4dcdbdad8f713fa42b33f4 -> 
  custom:video-decoder-ogg-theora: a1e56fd34408186e4bbccfd4996cb3dc -> 
  custom:framework-win-MediaFoundation: 216162199b28c13a410421893ffa2e32 -> 
  custom:CustomObjectIndexerAttribute: 62b5816608c3102f162a1797e29626cf -> 
  custom:container-demuxer-webm: 4f35f7cbe854078d1ac9338744f61a02 -> 
  custom:container-muxer-webm: aa71ff27fc2769a1b78a27578f13a17b -> 
  custom:video-decoder-webm-vp8: 9c59270c3fd7afecdb556c50c9e8de78 -> 
  custom:SearchIndexIgnoredProperties: e643bd26f0fe6173181afceb89e7c659 -> 
  custom:AudioImporter_EditorPlatform: d09bf68614088b80899f8185d706f6e7 -> 
  custom:video-encoder-webm-vp8: eb34c28f22e8b96e1ab97ce403110664 -> 
  custom:audio-decoder-ogg-vorbis: bf7c407c2cedff20999df2af8eb42d56 -> 
  custom:audio-encoder-webm-vorbis: bf7c407c2cedff20999df2af8eb42d56 -> 
========================================================================
Received Import Request.
  Time since last request: 336431.116943 seconds.
  path: Assets/Settings
  artifactKey: Guid(e4d2a58c53593b94cb0cecd31372a98a) Importer(2089858483,0ecaa5967403d082aa24f35e1b516d23)
Start importing Assets/Settings using Guid(e4d2a58c53593b94cb0cecd31372a98a) Importer(2089858483,0ecaa5967403d082aa24f35e1b516d23) Generated GUIDs only implemented for interfaces!
 -> (artifact id: '57e731fc2c7a6211f79f6d188a598e2f') in 0.258105 seconds
Number of updated asset objects reloaded before import = 0
Number of asset objects unloaded after import = 1
========================================================================
Received Import Request.
  Time since last request: 0.000053 seconds.
  path: Assets/Settings/Medium_PipelineAsset_ForwardRenderer.asset
  artifactKey: Guid(85a4cd65369200d4fa8d03046fe6d54d) Importer(2089858483,0ecaa5967403d082aa24f35e1b516d23)
Start importing Assets/Settings/Medium_PipelineAsset_ForwardRenderer.asset using Guid(85a4cd65369200d4fa8d03046fe6d54d) Importer(2089858483,0ecaa5967403d082aa24f35e1b516d23) Generated GUIDs only implemented for interfaces!
 -> (artifact id: 'cecea54b90fcbb13000333b0fe149adb') in 0.090582 seconds
Number of updated asset objects reloaded before import = 0
Number of asset objects unloaded after import = 1
========================================================================
Received Import Request.
  Time since last request: 0.000020 seconds.
  path: Assets/Settings/Very High_PipelineAsset_ForwardRenderer.asset
  artifactKey: Guid(c52e9d44cd56a40479d1433680936fb2) Importer(2089858483,0ecaa5967403d082aa24f35e1b516d23)
Start importing Assets/Settings/Very High_PipelineAsset_ForwardRenderer.asset using Guid(c52e9d44cd56a40479d1433680936fb2) Importer(2089858483,0ecaa5967403d082aa24f35e1b516d23) Generated GUIDs only implemented for interfaces!
 -> (artifact id: '40026ccf22625551fc8b5f08e6e406b3') in 0.052752 seconds
Number of updated asset objects reloaded before import = 0
Number of asset objects unloaded after import = 1
========================================================================
Received Import Request.
  Time since last request: 0.000027 seconds.
  path: Assets/Settings/Very Low_PipelineAsset.asset
  artifactKey: Guid(ae15ff59b69da7b469195ce96f2ab691) Importer(2089858483,0ecaa5967403d082aa24f35e1b516d23)
Start importing Assets/Settings/Very Low_PipelineAsset.asset using Guid(ae15ff59b69da7b469195ce96f2ab691) Importer(2089858483,0ecaa5967403d082aa24f35e1b516d23) Generated GUIDs only implemented for interfaces!
 -> (artifact id: '5a976d7effd03f6bd6a0b2e9e28b9b82') in 0.127808 seconds
Number of updated asset objects reloaded before import = 0
Number of asset objects unloaded after import = 2
========================================================================
Received Import Request.
  Time since last request: 1811.166517 seconds.
  path: Assets/Renderer/URP_Renderer_Renderer.asset
  artifactKey: Guid(d92ca67ffe9326e4e8ef98824d620060) Importer(815301076,1909f56bfc062723c751e8b465ee728b)
Start importing Assets/Renderer/URP_Renderer_Renderer.asset using Guid(d92ca67ffe9326e4e8ef98824d620060) Importer(815301076,1909f56bfc062723c751e8b465ee728b)  -> (artifact id: 'ca976a5a6f98fe7d99e940ccd8d89df6') in 0.016977 seconds
Number of updated asset objects reloaded before import = 0
Number of asset objects unloaded after import = 0
========================================================================
Received Import Request.
  Time since last request: 1.117315 seconds.
  path: Assets/UniversalRenderPipelineGlobalSettings.asset
  artifactKey: Guid(247eef6884b794c42b365d4ecffdaf6e) Importer(815301076,1909f56bfc062723c751e8b465ee728b)
Start importing Assets/UniversalRenderPipelineGlobalSettings.asset using Guid(247eef6884b794c42b365d4ecffdaf6e) Importer(815301076,1909f56bfc062723c751e8b465ee728b)  -> (artifact id: 'd6ce56465362ce1a737e83d11715eaf2') in 0.003370 seconds
Number of updated asset objects reloaded before import = 0
Number of asset objects unloaded after import = 1
========================================================================
Received Import Request.
  Time since last request: 12.835730 seconds.
  path: Assets/Renderer/UniversalRenderPipelineGlobalSettings.asset
  artifactKey: Guid(247eef6884b794c42b365d4ecffdaf6e) Importer(2089858483,0ecaa5967403d082aa24f35e1b516d23)
Start importing Assets/Renderer/UniversalRenderPipelineGlobalSettings.asset using Guid(247eef6884b794c42b365d4ecffdaf6e) Importer(2089858483,0ecaa5967403d082aa24f35e1b516d23) Generated GUIDs only implemented for interfaces!
 -> (artifact id: 'cc71eb2cd4a063d86b15326f6866c7f3') in 0.066216 seconds
Number of updated asset objects reloaded before import = 0
Number of asset objects unloaded after import = 1
========================================================================
Received Import Request.
  Time since last request: 108.741004 seconds.
  path: Assets/Settings
  artifactKey: Guid(e4d2a58c53593b94cb0cecd31372a98a) Importer(815301076,1909f56bfc062723c751e8b465ee728b)
Start importing Assets/Settings using Guid(e4d2a58c53593b94cb0cecd31372a98a) Importer(815301076,1909f56bfc062723c751e8b465ee728b)  -> (artifact id: '321be2e1fd452b322e16cefe4f4ca315') in 0.001169 seconds
Number of updated asset objects reloaded before import = 0
Number of asset objects unloaded after import = 0
========================================================================
Received Import Request.
  Time since last request: 0.810647 seconds.
  path: Assets/Settings/High_PipelineAsset.asset
  artifactKey: Guid(93d57285272b18949b5d8d08474256c3) Importer(815301076,1909f56bfc062723c751e8b465ee728b)
Start importing Assets/Settings/High_PipelineAsset.asset using Guid(93d57285272b18949b5d8d08474256c3) Importer(815301076,1909f56bfc062723c751e8b465ee728b)  -> (artifact id: '99656f353e4784bd348568840adc59f7') in 0.029891 seconds
Number of updated asset objects reloaded before import = 0
Number of asset objects unloaded after import = 2
========================================================================
Received Import Request.
  Time since last request: 0.000696 seconds.
  path: Assets/Settings/Medium_PipelineAsset_ForwardRenderer.asset
  artifactKey: Guid(85a4cd65369200d4fa8d03046fe6d54d) Importer(815301076,1909f56bfc062723c751e8b465ee728b)
Start importing Assets/Settings/Medium_PipelineAsset_ForwardRenderer.asset using Guid(85a4cd65369200d4fa8d03046fe6d54d) Importer(815301076,1909f56bfc062723c751e8b465ee728b)  -> (artifact id: 'db5e50956c4f3702233c36d6aa9bf26d') in 0.020309 seconds
Number of updated asset objects reloaded before import = 0
Number of asset objects unloaded after import = 1
========================================================================
Received Import Request.
  Time since last request: 0.000020 seconds.
  path: Assets/Settings/Very High_PipelineAsset_ForwardRenderer.asset
  artifactKey: Guid(c52e9d44cd56a40479d1433680936fb2) Importer(815301076,1909f56bfc062723c751e8b465ee728b)
Start importing Assets/Settings/Very High_PipelineAsset_ForwardRenderer.asset using Guid(c52e9d44cd56a40479d1433680936fb2) Importer(815301076,1909f56bfc062723c751e8b465ee728b)  -> (artifact id: '52b4b5b3b231267ca757f5da6e39b183') in 0.010589 seconds
Number of updated asset objects reloaded before import = 0
Number of asset objects unloaded after import = 1
========================================================================
Received Import Request.
  Time since last request: 0.000025 seconds.
  path: Assets/Settings/Very Low_PipelineAsset_ForwardRenderer.asset
  artifactKey: Guid(fbed064ce79af9c49a39beec6567af94) Importer(815301076,1909f56bfc062723c751e8b465ee728b)
Start importing Assets/Settings/Very Low_PipelineAsset_ForwardRenderer.asset using Guid(fbed064ce79af9c49a39beec6567af94) Importer(815301076,1909f56bfc062723c751e8b465ee728b)  -> (artifact id: 'd738874d55f8de14a377f65db008fc88') in 0.003984 seconds
Number of updated asset objects reloaded before import = 0
Number of asset objects unloaded after import = 1
========================================================================
Received Import Request.
  Time since last request: 0.000130 seconds.
  path: Assets/Settings/Medium_PipelineAsset.asset
  artifactKey: Guid(4260804f40d77e84685a5db3057d287d) Importer(815301076,1909f56bfc062723c751e8b465ee728b)
Start importing Assets/Settings/Medium_PipelineAsset.asset using Guid(4260804f40d77e84685a5db3057d287d) Importer(815301076,1909f56bfc062723c751e8b465ee728b)  -> (artifact id: '29040d60bb673a4894236516e7de48ee') in 0.005286 seconds
Number of updated asset objects reloaded before import = 0
Number of asset objects unloaded after import = 2
========================================================================
Received Import Request.
  Time since last request: 0.000073 seconds.
  path: Assets/Settings/Very High_PipelineAsset.asset
  artifactKey: Guid(55a8a8e0a5523a646914383c17355c4e) Importer(815301076,1909f56bfc062723c751e8b465ee728b)
Start importing Assets/Settings/Very High_PipelineAsset.asset using Guid(55a8a8e0a5523a646914383c17355c4e) Importer(815301076,1909f56bfc062723c751e8b465ee728b)  -> (artifact id: 'e0461ce0394a03da5350c9b9cb020a65') in 0.006268 seconds
Number of updated asset objects reloaded before import = 0
Number of asset objects unloaded after import = 2
========================================================================
Received Import Request.
  Time since last request: 19.011539 seconds.
  path: Assets/Graphics
  artifactKey: Guid(ce684aa2189a7f44ba78abcf289684eb) Importer(815301076,1909f56bfc062723c751e8b465ee728b)
Start importing Assets/Graphics using Guid(ce684aa2189a7f44ba78abcf289684eb) Importer(815301076,1909f56bfc062723c751e8b465ee728b)  -> (artifact id: 'a1d48a6c8a704189e0556590ee1dfa4a') in 0.001289 seconds
Number of updated asset objects reloaded before import = 0
Number of asset objects unloaded after import = 0
========================================================================
Received Import Request.
  Time since last request: 1.847794 seconds.
  path: Assets/Graphics
  artifactKey: Guid(ce684aa2189a7f44ba78abcf289684eb) Importer(2089858483,0ecaa5967403d082aa24f35e1b516d23)
Start importing Assets/Graphics using Guid(ce684aa2189a7f44ba78abcf289684eb) Importer(2089858483,0ecaa5967403d082aa24f35e1b516d23) Generated GUIDs only implemented for interfaces!
 -> (artifact id: 'c4dfb8eed4c4c1389017d1428f48dd5b') in 0.027419 seconds
Number of updated asset objects reloaded before import = 0
Number of asset objects unloaded after import = 1
========================================================================
Received Import Request.
  Time since last request: 7.071158 seconds.
  path: Assets/Animations
  artifactKey: Guid(d268246e3efd27f42bd5361a321a25fa) Importer(2089858483,0ecaa5967403d082aa24f35e1b516d23)
Start importing Assets/Animations using Guid(d268246e3efd27f42bd5361a321a25fa) Importer(2089858483,0ecaa5967403d082aa24f35e1b516d23) Generated GUIDs only implemented for interfaces!
 -> (artifact id: 'f66f0a5995ca6fbec4b1ec1e4aaf72c7') in 0.042798 seconds
Number of updated asset objects reloaded before import = 0
Number of asset objects unloaded after import = 1
========================================================================
Received Import Request.
  Time since last request: 635.086973 seconds.
  path: Assets/Animations
  artifactKey: Guid(d268246e3efd27f42bd5361a321a25fa) Importer(815301076,1909f56bfc062723c751e8b465ee728b)
Start importing Assets/Animations using Guid(d268246e3efd27f42bd5361a321a25fa) Importer(815301076,1909f56bfc062723c751e8b465ee728b)  -> (artifact id: 'fd4eef918e1c46de29cbbd696a4d1206') in 0.003045 seconds
Number of updated asset objects reloaded before import = 0
Number of asset objects unloaded after import = 0
========================================================================
Received Import Request.
  Time since last request: 21003.944826 seconds.
  path: Assets/Audio
  artifactKey: Guid(44c897f71e619d24097e1132403554a6) Importer(815301076,1909f56bfc062723c751e8b465ee728b)
Start importing Assets/Audio using Guid(44c897f71e619d24097e1132403554a6) Importer(815301076,1909f56bfc062723c751e8b465ee728b)  -> (artifact id: 'bcc4fa58661c2a05106bd3e0ece2b710') in 0.004991 seconds
Number of updated asset objects reloaded before import = 0
Number of asset objects unloaded after import = 0
========================================================================
Received Import Request.
  Time since last request: 0.916766 seconds.
  path: Assets/Audio
  artifactKey: Guid(44c897f71e619d24097e1132403554a6) Importer(2089858483,0ecaa5967403d082aa24f35e1b516d23)
Start importing Assets/Audio using Guid(44c897f71e619d24097e1132403554a6) Importer(2089858483,0ecaa5967403d082aa24f35e1b516d23) Generated GUIDs only implemented for interfaces!
 -> (artifact id: 'd992b89e14c60be72f217e9df5988610') in 0.099875 seconds
Number of updated asset objects reloaded before import = 0
Number of asset objects unloaded after import = 1
========================================================================
Received Import Request.
  Time since last request: 7.132327 seconds.
  path: Assets/Animations/2D
  artifactKey: Guid(bc6e045e050f80142819043def2ff090) Importer(815301076,1909f56bfc062723c751e8b465ee728b)
Start importing Assets/Animations/2D using Guid(bc6e045e050f80142819043def2ff090) Importer(815301076,1909f56bfc062723c751e8b465ee728b)  -> (artifact id: 'f3d1f03ae87747aff458218fd251e82d') in 0.001057 seconds
Number of updated asset objects reloaded before import = 0
Number of asset objects unloaded after import = 0
========================================================================
Received Import Request.
  Time since last request: 2.175743 seconds.
  path: Assets/Animations/2D
  artifactKey: Guid(bc6e045e050f80142819043def2ff090) Importer(2089858483,0ecaa5967403d082aa24f35e1b516d23)
Start importing Assets/Animations/2D using Guid(bc6e045e050f80142819043def2ff090) Importer(2089858483,0ecaa5967403d082aa24f35e1b516d23) Generated GUIDs only implemented for interfaces!
 -> (artifact id: 'e636ad7b3ba34a564d548815659f304c') in 0.044659 seconds
Number of updated asset objects reloaded before import = 0
Number of asset objects unloaded after import = 1
========================================================================
Received Import Request.
  Time since last request: 2.657785 seconds.
  path: Assets/Animations/3D
  artifactKey: Guid(5a1ac66bc5584e14587738bfc0585f73) Importer(815301076,1909f56bfc062723c751e8b465ee728b)
Start importing Assets/Animations/3D using Guid(5a1ac66bc5584e14587738bfc0585f73) Importer(815301076,1909f56bfc062723c751e8b465ee728b)  -> (artifact id: '54cc4069c5901553a0406e37fca9bceb') in 0.000867 seconds
Number of updated asset objects reloaded before import = 0
Number of asset objects unloaded after import = 0
========================================================================
Received Import Request.
  Time since last request: 0.955098 seconds.
  path: Assets/Animations/3D
  artifactKey: Guid(5a1ac66bc5584e14587738bfc0585f73) Importer(2089858483,0ecaa5967403d082aa24f35e1b516d23)
Start importing Assets/Animations/3D using Guid(5a1ac66bc5584e14587738bfc0585f73) Importer(2089858483,0ecaa5967403d082aa24f35e1b516d23) Generated GUIDs only implemented for interfaces!
 -> (artifact id: '6bb58184fc00ea1295a344cfaa16174b') in 0.020814 seconds
Number of updated asset objects reloaded before import = 0
Number of asset objects unloaded after import = 1
========================================================================
Received Import Request.
  Time since last request: 15.575211 seconds.
  path: Assets/Audio/music
  artifactKey: Guid(a5f77176f71d0994eb70819d39e82d29) Importer(815301076,1909f56bfc062723c751e8b465ee728b)
Start importing Assets/Audio/music using Guid(a5f77176f71d0994eb70819d39e82d29) Importer(815301076,1909f56bfc062723c751e8b465ee728b)  -> (artifact id: '0bdfebd43fc96ab1c148c1621df35720') in 0.000789 seconds
Number of updated asset objects reloaded before import = 0
Number of asset objects unloaded after import = 0
========================================================================
Received Import Request.
  Time since last request: 1.743450 seconds.
  path: Assets/Audio/music
  artifactKey: Guid(a5f77176f71d0994eb70819d39e82d29) Importer(2089858483,0ecaa5967403d082aa24f35e1b516d23)
Start importing Assets/Audio/music using Guid(a5f77176f71d0994eb70819d39e82d29) Importer(2089858483,0ecaa5967403d082aa24f35e1b516d23) Generated GUIDs only implemented for interfaces!
 -> (artifact id: 'bb76c7c39c036c8d24c3884cb05cef5c') in 0.019632 seconds
Number of updated asset objects reloaded before import = 0
Number of asset objects unloaded after import = 1
========================================================================
Received Import Request.
  Time since last request: 2.880695 seconds.
  path: Assets/Audio/SFX
  artifactKey: Guid(3076f9cc9e3ff3a4d8bda45b80bf2563) Importer(815301076,1909f56bfc062723c751e8b465ee728b)
Start importing Assets/Audio/SFX using Guid(3076f9cc9e3ff3a4d8bda45b80bf2563) Importer(815301076,1909f56bfc062723c751e8b465ee728b)  -> (artifact id: '1b700c32c634e82a6a6c5e371d32986b') in 0.001012 seconds
Number of updated asset objects reloaded before import = 0
Number of asset objects unloaded after import = 0
========================================================================
Received Import Request.
  Time since last request: 0.902521 seconds.
  path: Assets/Audio/SFX
  artifactKey: Guid(3076f9cc9e3ff3a4d8bda45b80bf2563) Importer(2089858483,0ecaa5967403d082aa24f35e1b516d23)
Start importing Assets/Audio/SFX using Guid(3076f9cc9e3ff3a4d8bda45b80bf2563) Importer(2089858483,0ecaa5967403d082aa24f35e1b516d23) Generated GUIDs only implemented for interfaces!
 -> (artifact id: '3773cd9f83074979d7fa947131b30c05') in 0.021149 seconds
Number of updated asset objects reloaded before import = 0
Number of asset objects unloaded after import = 1
========================================================================
Received Import Request.
  Time since last request: 23.417969 seconds.
  path: Assets/Audio/SFX/Entities
  artifactKey: Guid(f90355bde3c439548973508f04f7973e) Importer(815301076,1909f56bfc062723c751e8b465ee728b)
Start importing Assets/Audio/SFX/Entities using Guid(f90355bde3c439548973508f04f7973e) Importer(815301076,1909f56bfc062723c751e8b465ee728b)  -> (artifact id: '300001334904093762d83e7ac3b2c80f') in 0.000965 seconds
Number of updated asset objects reloaded before import = 0
Number of asset objects unloaded after import = 0
========================================================================
Received Import Request.
  Time since last request: 2.493966 seconds.
  path: Assets/Audio/SFX/Entities
  artifactKey: Guid(f90355bde3c439548973508f04f7973e) Importer(2089858483,0ecaa5967403d082aa24f35e1b516d23)
Start importing Assets/Audio/SFX/Entities using Guid(f90355bde3c439548973508f04f7973e) Importer(2089858483,0ecaa5967403d082aa24f35e1b516d23) Generated GUIDs only implemented for interfaces!
 -> (artifact id: '12250675a0e2496fe0806f8cf48ea074') in 0.046235 seconds
Number of updated asset objects reloaded before import = 0
Number of asset objects unloaded after import = 1
========================================================================
Received Import Request.
  Time since last request: 4.402312 seconds.
  path: Assets/Audio/SFX/Envoirnment
  artifactKey: Guid(3dfa49f830b7f1944a73ac9f55dc769a) Importer(815301076,1909f56bfc062723c751e8b465ee728b)
Start importing Assets/Audio/SFX/Envoirnment using Guid(3dfa49f830b7f1944a73ac9f55dc769a) Importer(815301076,1909f56bfc062723c751e8b465ee728b)  -> (artifact id: '4eddf38d156f9cc18b75998217b89105') in 0.000966 seconds
Number of updated asset objects reloaded before import = 0
Number of asset objects unloaded after import = 0
========================================================================
Received Import Request.
  Time since last request: 0.949656 seconds.
  path: Assets/Audio/SFX/Envoirnment
  artifactKey: Guid(3dfa49f830b7f1944a73ac9f55dc769a) Importer(2089858483,0ecaa5967403d082aa24f35e1b516d23)
Start importing Assets/Audio/SFX/Envoirnment using Guid(3dfa49f830b7f1944a73ac9f55dc769a) Importer(2089858483,0ecaa5967403d082aa24f35e1b516d23) Generated GUIDs only implemented for interfaces!
 -> (artifact id: '1078aae54b877175d10c7f3e13129a1b') in 0.046739 seconds
Number of updated asset objects reloaded before import = 0
Number of asset objects unloaded after import = 1
========================================================================
Received Import Request.
  Time since last request: 63.412219 seconds.
  path: Assets/Graphics/Backgrounds
  artifactKey: Guid(e7f553ff8f4376740a98c6e98bc508b0) Importer(815301076,1909f56bfc062723c751e8b465ee728b)
Start importing Assets/Graphics/Backgrounds using Guid(e7f553ff8f4376740a98c6e98bc508b0) Importer(815301076,1909f56bfc062723c751e8b465ee728b)  -> (artifact id: '9d78c10f5983e1087870696231a9ba1d') in 0.001305 seconds
Number of updated asset objects reloaded before import = 0
Number of asset objects unloaded after import = 0
========================================================================
Received Import Request.
  Time since last request: 2.046862 seconds.
  path: Assets/Graphics/Backgrounds
  artifactKey: Guid(e7f553ff8f4376740a98c6e98bc508b0) Importer(2089858483,0ecaa5967403d082aa24f35e1b516d23)
Start importing Assets/Graphics/Backgrounds using Guid(e7f553ff8f4376740a98c6e98bc508b0) Importer(2089858483,0ecaa5967403d082aa24f35e1b516d23) Generated GUIDs only implemented for interfaces!
 -> (artifact id: 'e72d7bc364b58dc4e032c1752227b9a7') in 0.022612 seconds
Number of updated asset objects reloaded before import = 0
Number of asset objects unloaded after import = 1
========================================================================
Received Import Request.
  Time since last request: 3.310272 seconds.
  path: Assets/Graphics/Sprites
  artifactKey: Guid(52fa3f73320145c4b97ed340940637ef) Importer(815301076,1909f56bfc062723c751e8b465ee728b)
Start importing Assets/Graphics/Sprites using Guid(52fa3f73320145c4b97ed340940637ef) Importer(815301076,1909f56bfc062723c751e8b465ee728b)  -> (artifact id: 'b4f84ccdd52ef302cb68517409bc750e') in 0.000834 seconds
Number of updated asset objects reloaded before import = 0
Number of asset objects unloaded after import = 0
========================================================================
Received Import Request.
  Time since last request: 2.743192 seconds.
  path: Assets/Graphics/Sprites
  artifactKey: Guid(52fa3f73320145c4b97ed340940637ef) Importer(2089858483,0ecaa5967403d082aa24f35e1b516d23)
Start importing Assets/Graphics/Sprites using Guid(52fa3f73320145c4b97ed340940637ef) Importer(2089858483,0ecaa5967403d082aa24f35e1b516d23) Generated GUIDs only implemented for interfaces!
 -> (artifact id: '0ce7440049a196146e13769418d579ef') in 0.016694 seconds
Number of updated asset objects reloaded before import = 0
Number of asset objects unloaded after import = 1
========================================================================
Received Import Request.
  Time since last request: 3.086032 seconds.
  path: Assets/Graphics/Sprites/Entities
  artifactKey: Guid(88003ba9e22e34640b5ec846732d9747) Importer(815301076,1909f56bfc062723c751e8b465ee728b)
Start importing Assets/Graphics/Sprites/Entities using Guid(88003ba9e22e34640b5ec846732d9747) Importer(815301076,1909f56bfc062723c751e8b465ee728b)  -> (artifact id: 'ec0ec253de30cbca821ce66b91af7614') in 0.000700 seconds
Number of updated asset objects reloaded before import = 0
Number of asset objects unloaded after import = 0
========================================================================
Received Import Request.
  Time since last request: 1.848473 seconds.
  path: Assets/Graphics/Sprites/Entities
  artifactKey: Guid(88003ba9e22e34640b5ec846732d9747) Importer(2089858483,0ecaa5967403d082aa24f35e1b516d23)
Start importing Assets/Graphics/Sprites/Entities using Guid(88003ba9e22e34640b5ec846732d9747) Importer(2089858483,0ecaa5967403d082aa24f35e1b516d23) Generated GUIDs only implemented for interfaces!
 -> (artifact id: '5f31b78bffd51f462ea0a0cf7bea1c91') in 0.021752 seconds
Number of updated asset objects reloaded before import = 0
Number of asset objects unloaded after import = 1
========================================================================
Received Import Request.
  Time since last request: 4.880409 seconds.
  path: Assets/Graphics/Sprites/Envoirnments
  artifactKey: Guid(0ca0ff1909754e041a589eb7cd83c448) Importer(815301076,1909f56bfc062723c751e8b465ee728b)
Start importing Assets/Graphics/Sprites/Envoirnments using Guid(0ca0ff1909754e041a589eb7cd83c448) Importer(815301076,1909f56bfc062723c751e8b465ee728b)  -> (artifact id: 'fc29a6612e032d0efea862b1e1e6cc0d') in 0.000760 seconds
Number of updated asset objects reloaded before import = 0
Number of asset objects unloaded after import = 0
========================================================================
Received Import Request.
  Time since last request: 0.944295 seconds.
  path: Assets/Graphics/Sprites/Envoirnments
  artifactKey: Guid(0ca0ff1909754e041a589eb7cd83c448) Importer(2089858483,0ecaa5967403d082aa24f35e1b516d23)
Start importing Assets/Graphics/Sprites/Envoirnments using Guid(0ca0ff1909754e041a589eb7cd83c448) Importer(2089858483,0ecaa5967403d082aa24f35e1b516d23) Generated GUIDs only implemented for interfaces!
 -> (artifact id: 'd55d51e3cb93e63907cefb3373a5e4fc') in 0.030963 seconds
Number of updated asset objects reloaded before import = 0
Number of asset objects unloaded after import = 1
========================================================================
Received Import Request.
  Time since last request: 8.158656 seconds.
  path: Assets/Graphics/Sprites/Entities/PlayerSprites
  artifactKey: Guid(c08fb8316406817419cd118a889c8778) Importer(815301076,1909f56bfc062723c751e8b465ee728b)
Start importing Assets/Graphics/Sprites/Entities/PlayerSprites using Guid(c08fb8316406817419cd118a889c8778) Importer(815301076,1909f56bfc062723c751e8b465ee728b)  -> (artifact id: 'd1e1b111cfb33251274ffb9c44cd733a') in 0.000758 seconds
Number of updated asset objects reloaded before import = 0
Number of asset objects unloaded after import = 0
========================================================================
Received Import Request.
  Time since last request: 2.002905 seconds.
  path: Assets/Graphics/Sprites/Entities/PlayerSprites
  artifactKey: Guid(c08fb8316406817419cd118a889c8778) Importer(2089858483,0ecaa5967403d082aa24f35e1b516d23)
Start importing Assets/Graphics/Sprites/Entities/PlayerSprites using Guid(c08fb8316406817419cd118a889c8778) Importer(2089858483,0ecaa5967403d082aa24f35e1b516d23) Generated GUIDs only implemented for interfaces!
 -> (artifact id: '5fbc26cc736f93bc2e8ef4024ed5ee86') in 0.034181 seconds
Number of updated asset objects reloaded before import = 0
Number of asset objects unloaded after import = 1
========================================================================
Received Import Request.
  Time since last request: 5.690119 seconds.
  path: Assets/Graphics/Sprites/Entities/EnemySprites
  artifactKey: Guid(d7d492bb48aab034eb84cca6ba7dc6a2) Importer(815301076,1909f56bfc062723c751e8b465ee728b)
Start importing Assets/Graphics/Sprites/Entities/EnemySprites using Guid(d7d492bb48aab034eb84cca6ba7dc6a2) Importer(815301076,1909f56bfc062723c751e8b465ee728b)  -> (artifact id: '7e567de44cc52fd5deab93fc04d58d1c') in 0.000803 seconds
Number of updated asset objects reloaded before import = 0
Number of asset objects unloaded after import = 0
========================================================================
Received Import Request.
  Time since last request: 0.953698 seconds.
  path: Assets/Graphics/Sprites/Entities/EnemySprites
  artifactKey: Guid(d7d492bb48aab034eb84cca6ba7dc6a2) Importer(2089858483,0ecaa5967403d082aa24f35e1b516d23)
Start importing Assets/Graphics/Sprites/Entities/EnemySprites using Guid(d7d492bb48aab034eb84cca6ba7dc6a2) Importer(2089858483,0ecaa5967403d082aa24f35e1b516d23) Generated GUIDs only implemented for interfaces!
 -> (artifact id: '8a65ef9915f82f3ecd93619ba8e353be') in 0.032438 seconds
Number of updated asset objects reloaded before import = 0
Number of asset objects unloaded after import = 1
========================================================================
Received Import Request.
  Time since last request: 8.711771 seconds.
  path: Assets/Graphics/UI
  artifactKey: Guid(7a5ff7592002fdd4e93f2df6d11f98d4) Importer(815301076,1909f56bfc062723c751e8b465ee728b)
Start importing Assets/Graphics/UI using Guid(7a5ff7592002fdd4e93f2df6d11f98d4) Importer(815301076,1909f56bfc062723c751e8b465ee728b)  -> (artifact id: '75b535f3a696a37b001247bc7e7049d8') in 0.000906 seconds
Number of updated asset objects reloaded before import = 0
Number of asset objects unloaded after import = 0
========================================================================
Received Import Request.
  Time since last request: 0.936279 seconds.
  path: Assets/Graphics/UI
  artifactKey: Guid(7a5ff7592002fdd4e93f2df6d11f98d4) Importer(2089858483,0ecaa5967403d082aa24f35e1b516d23)
Start importing Assets/Graphics/UI using Guid(7a5ff7592002fdd4e93f2df6d11f98d4) Importer(2089858483,0ecaa5967403d082aa24f35e1b516d23) Generated GUIDs only implemented for interfaces!
 -> (artifact id: '6ac8a682d1d401b8ab039c9eca89b25d') in 0.018008 seconds
Number of updated asset objects reloaded before import = 0
Number of asset objects unloaded after import = 1
========================================================================
Received Import Request.
  Time since last request: 8.637275 seconds.
  path: Assets/Graphics/UI/Splashes
  artifactKey: Guid(5a59f700b5a5a8642b154d81bdef1fbf) Importer(815301076,1909f56bfc062723c751e8b465ee728b)
Start importing Assets/Graphics/UI/Splashes using Guid(5a59f700b5a5a8642b154d81bdef1fbf) Importer(815301076,1909f56bfc062723c751e8b465ee728b)  -> (artifact id: '57bac8a47b2e1d7ce649019bcda284c4') in 0.000784 seconds
Number of updated asset objects reloaded before import = 0
Number of asset objects unloaded after import = 0
========================================================================
Received Import Request.
  Time since last request: 3.346265 seconds.
  path: Assets/Graphics/UI/Splashes
  artifactKey: Guid(5a59f700b5a5a8642b154d81bdef1fbf) Importer(2089858483,0ecaa5967403d082aa24f35e1b516d23)
Start importing Assets/Graphics/UI/Splashes using Guid(5a59f700b5a5a8642b154d81bdef1fbf) Importer(2089858483,0ecaa5967403d082aa24f35e1b516d23) Generated GUIDs only implemented for interfaces!
 -> (artifact id: '7606540ad5f333c366c750596db23adb') in 0.028029 seconds
Number of updated asset objects reloaded before import = 0
Number of asset objects unloaded after import = 1
========================================================================
Received Import Request.
  Time since last request: 6.266465 seconds.
  path: Assets/Graphics/UI/ConstantGUI
  artifactKey: Guid(dec2429e84c6d6c45a388629b5c98ad1) Importer(815301076,1909f56bfc062723c751e8b465ee728b)
Start importing Assets/Graphics/UI/ConstantGUI using Guid(dec2429e84c6d6c45a388629b5c98ad1) Importer(815301076,1909f56bfc062723c751e8b465ee728b)  -> (artifact id: 'bb92355efcf0e69bba2eb32445e36c4e') in 0.000710 seconds
Number of updated asset objects reloaded before import = 0
Number of asset objects unloaded after import = 0
========================================================================
Received Import Request.
  Time since last request: 0.950387 seconds.
  path: Assets/Graphics/UI/ConstantGUI
  artifactKey: Guid(dec2429e84c6d6c45a388629b5c98ad1) Importer(2089858483,0ecaa5967403d082aa24f35e1b516d23)
Start importing Assets/Graphics/UI/ConstantGUI using Guid(dec2429e84c6d6c45a388629b5c98ad1) Importer(2089858483,0ecaa5967403d082aa24f35e1b516d23) Generated GUIDs only implemented for interfaces!
 -> (artifact id: '77cda0fab665328fa58d6c7d10bb4c15') in 0.063433 seconds
Number of updated asset objects reloaded before import = 0
Number of asset objects unloaded after import = 1
========================================================================
Received Import Request.
  Time since last request: 1.567317 seconds.
  path: Assets/prefabs/Circle.prefab
  artifactKey: Guid(faa27d8002874c2439c916a3619b56c3) Importer(815301076,1909f56bfc062723c751e8b465ee728b)
Start importing Assets/prefabs/Circle.prefab using Guid(faa27d8002874c2439c916a3619b56c3) Importer(815301076,1909f56bfc062723c751e8b465ee728b)  -> (artifact id: 'ab633c53d2028723bfe384fac81bb69a') in 0.567083 seconds
Number of updated asset objects reloaded before import = 0
Number of asset objects unloaded after import = 10
========================================================================
Received Import Request.
  Time since last request: 14.896220 seconds.
  path: Assets/prefabs/Enemies
  artifactKey: Guid(d7d0977d01414f14f995fb28d470db74) Importer(815301076,1909f56bfc062723c751e8b465ee728b)
Start importing Assets/prefabs/Enemies using Guid(d7d0977d01414f14f995fb28d470db74) Importer(815301076,1909f56bfc062723c751e8b465ee728b)  -> (artifact id: '84bb9af50575dea3a9b25c77214240ae') in 0.000618 seconds
Number of updated asset objects reloaded before import = 0
Number of asset objects unloaded after import = 0
========================================================================
Received Import Request.
  Time since last request: 0.945169 seconds.
  path: Assets/prefabs/Enemies
  artifactKey: Guid(d7d0977d01414f14f995fb28d470db74) Importer(2089858483,0ecaa5967403d082aa24f35e1b516d23)
Start importing Assets/prefabs/Enemies using Guid(d7d0977d01414f14f995fb28d470db74) Importer(2089858483,0ecaa5967403d082aa24f35e1b516d23) Generated GUIDs only implemented for interfaces!
 -> (artifact id: 'ab8d85b9364fc697b50f77c2a8ecbe51') in 0.015270 seconds
Number of updated asset objects reloaded before import = 0
Number of asset objects unloaded after import = 1
========================================================================
Received Import Request.
  Time since last request: 7.219255 seconds.
  path: Assets/prefabs/Enemies/Circle.prefab
  artifactKey: Guid(faa27d8002874c2439c916a3619b56c3) Importer(2089858483,0ecaa5967403d082aa24f35e1b516d23)
Start importing Assets/prefabs/Enemies/Circle.prefab using Guid(faa27d8002874c2439c916a3619b56c3) Importer(2089858483,0ecaa5967403d082aa24f35e1b516d23) Generated GUIDs only implemented for interfaces!
 -> (artifact id: '6653701ed2266df92772227c39015610') in 0.056623 seconds
Number of updated asset objects reloaded before import = 0
Number of asset objects unloaded after import = 8
========================================================================
Received Import Request.
  Time since last request: 42.183160 seconds.
  path: Assets/prefabs/Misc_
  artifactKey: Guid(ad0522b85929fed41bae4a2821925b74) Importer(815301076,1909f56bfc062723c751e8b465ee728b)
Start importing Assets/prefabs/Misc_ using Guid(ad0522b85929fed41bae4a2821925b74) Importer(815301076,1909f56bfc062723c751e8b465ee728b)  -> (artifact id: 'c89d2b02fd26670965754ee01a813a29') in 0.000666 seconds
Number of updated asset objects reloaded before import = 0
Number of asset objects unloaded after import = 0
========================================================================
Received Import Request.
  Time since last request: 0.945047 seconds.
  path: Assets/prefabs/Misc_
  artifactKey: Guid(ad0522b85929fed41bae4a2821925b74) Importer(2089858483,0ecaa5967403d082aa24f35e1b516d23)
Start importing Assets/prefabs/Misc_ using Guid(ad0522b85929fed41bae4a2821925b74) Importer(2089858483,0ecaa5967403d082aa24f35e1b516d23) Generated GUIDs only implemented for interfaces!
 -> (artifact id: 'eaadfbd2df91a87c574be1fb1d70719a') in 0.018008 seconds
Number of updated asset objects reloaded before import = 0
Number of asset objects unloaded after import = 1
========================================================================
Received Import Request.
  Time since last request: 18.956719 seconds.
  path: Assets/Scenes/Menus
  artifactKey: Guid(8fdd95dac1b2f394dab26727de6423c9) Importer(815301076,1909f56bfc062723c751e8b465ee728b)
Start importing Assets/Scenes/Menus using Guid(8fdd95dac1b2f394dab26727de6423c9) Importer(815301076,1909f56bfc062723c751e8b465ee728b)  -> (artifact id: '7ede546236434225ef6c9c60ba6ff048') in 0.000789 seconds
Number of updated asset objects reloaded before import = 0
Number of asset objects unloaded after import = 0
========================================================================
Received Import Request.
  Time since last request: 2.988498 seconds.
  path: Assets/Scenes/Menus
  artifactKey: Guid(8fdd95dac1b2f394dab26727de6423c9) Importer(2089858483,0ecaa5967403d082aa24f35e1b516d23)
Start importing Assets/Scenes/Menus using Guid(8fdd95dac1b2f394dab26727de6423c9) Importer(2089858483,0ecaa5967403d082aa24f35e1b516d23) Generated GUIDs only implemented for interfaces!
 -> (artifact id: '9db65c11c732e37c4b974c305ef6c7df') in 0.023757 seconds
Number of updated asset objects reloaded before import = 0
Number of asset objects unloaded after import = 1
========================================================================
Received Import Request.
  Time since last request: 2.701597 seconds.
  path: Assets/Scenes/Levels
  artifactKey: Guid(39578be2a268b7245ab6c2db1d0dffe8) Importer(815301076,1909f56bfc062723c751e8b465ee728b)
Start importing Assets/Scenes/Levels using Guid(39578be2a268b7245ab6c2db1d0dffe8) Importer(815301076,1909f56bfc062723c751e8b465ee728b)  -> (artifact id: '9c8ae8bfb5d54b4d1ee4f8591c361edf') in 0.001203 seconds
Number of updated asset objects reloaded before import = 0
Number of asset objects unloaded after import = 0
========================================================================
Received Import Request.
  Time since last request: 0.924037 seconds.
  path: Assets/Scenes/Levels
  artifactKey: Guid(39578be2a268b7245ab6c2db1d0dffe8) Importer(2089858483,0ecaa5967403d082aa24f35e1b516d23)
Start importing Assets/Scenes/Levels using Guid(39578be2a268b7245ab6c2db1d0dffe8) Importer(2089858483,0ecaa5967403d082aa24f35e1b516d23) Generated GUIDs only implemented for interfaces!
 -> (artifact id: '525390328a64818d43f344419d8caf75') in 0.017870 seconds
Number of updated asset objects reloaded before import = 0
Number of asset objects unloaded after import = 1
========================================================================
Received Import Request.
  Time since last request: 1.228935 seconds.
  path: Assets/Scenes/Levels/EasyLevel.unity
  artifactKey: Guid(f72a073983161714db13ddd2ce538d9a) Importer(2089858483,0ecaa5967403d082aa24f35e1b516d23)
Start importing Assets/Scenes/Levels/EasyLevel.unity using Guid(f72a073983161714db13ddd2ce538d9a) Importer(2089858483,0ecaa5967403d082aa24f35e1b516d23) Generated GUIDs only implemented for interfaces!
 -> (artifact id: '6cc85ba4ab754e652dfe61cb0abc5da3') in 0.033942 seconds
Number of updated asset objects reloaded before import = 0
Number of asset objects unloaded after import = 1
========================================================================
Received Import Request.
  Time since last request: 1.518057 seconds.
  path: Assets/Scenes/Levels/hardlevel.unity
  artifactKey: Guid(2cda990e2423bbf4892e6590ba056729) Importer(2089858483,0ecaa5967403d082aa24f35e1b516d23)
Start importing Assets/Scenes/Levels/hardlevel.unity using Guid(2cda990e2423bbf4892e6590ba056729) Importer(2089858483,0ecaa5967403d082aa24f35e1b516d23) Generated GUIDs only implemented for interfaces!
 -> (artifact id: '699d7d00b54f849c1cb3e91643fc3cfe') in 0.029600 seconds
Number of updated asset objects reloaded before import = 0
Number of asset objects unloaded after import = 1
========================================================================
Received Import Request.
  Time since last request: 14.125704 seconds.
  path: Assets/Scenes/Levels/New Folder
  artifactKey: Guid(9909aa97ad7dc974c98721c96f1c0e8a) Importer(2089858483,0ecaa5967403d082aa24f35e1b516d23)
Start importing Assets/Scenes/Levels/New Folder using Guid(9909aa97ad7dc974c98721c96f1c0e8a) Importer(2089858483,0ecaa5967403d082aa24f35e1b516d23) Generated GUIDs only implemented for interfaces!
 -> (artifact id: '17cd67ad42fb72b0ce19be1fc6693d47') in 0.053460 seconds
Number of updated asset objects reloaded before import = 0
Number of asset objects unloaded after import = 1
========================================================================
Received Import Request.
  Time since last request: 27.574714 seconds.
  path: Assets/Scenes/Levels/New Folder
  artifactKey: Guid(9909aa97ad7dc974c98721c96f1c0e8a) Importer(815301076,1909f56bfc062723c751e8b465ee728b)
Start importing Assets/Scenes/Levels/New Folder using Guid(9909aa97ad7dc974c98721c96f1c0e8a) Importer(815301076,1909f56bfc062723c751e8b465ee728b)  -> (artifact id: 'ff0003b028a1b728ccb07d6cd4c8f06f') in 0.001141 seconds
Number of updated asset objects reloaded before import = 0
Number of asset objects unloaded after import = 0
========================================================================
Received Import Request.
  Time since last request: 18.127383 seconds.
  path: Assets/Scenes/Levels/Easy
  artifactKey: Guid(9909aa97ad7dc974c98721c96f1c0e8a) Importer(815301076,1909f56bfc062723c751e8b465ee728b)
Start importing Assets/Scenes/Levels/Easy using Guid(9909aa97ad7dc974c98721c96f1c0e8a) Importer(815301076,1909f56bfc062723c751e8b465ee728b)  -> (artifact id: 'f220642eacfb81d16dbfb55bf7476d24') in 0.000591 seconds
Number of updated asset objects reloaded before import = 0
Number of asset objects unloaded after import = 0
========================================================================
Received Import Request.
  Time since last request: 1.960292 seconds.
  path: Assets/Scenes/Levels/Easy
  artifactKey: Guid(9909aa97ad7dc974c98721c96f1c0e8a) Importer(2089858483,0ecaa5967403d082aa24f35e1b516d23)
Start importing Assets/Scenes/Levels/Easy using Guid(9909aa97ad7dc974c98721c96f1c0e8a) Importer(2089858483,0ecaa5967403d082aa24f35e1b516d23) Generated GUIDs only implemented for interfaces!
 -> (artifact id: 'f6c2a3ab3277e99a42bbbc9c6f41ef82') in 0.037631 seconds
Number of updated asset objects reloaded before import = 0
Number of asset objects unloaded after import = 1
========================================================================
Received Import Request.
  Time since last request: 4.374983 seconds.
  path: Assets/Scenes/Levels/Medium
  artifactKey: Guid(666a9c982260d4543b9b680fb39c8573) Importer(815301076,1909f56bfc062723c751e8b465ee728b)
Start importing Assets/Scenes/Levels/Medium using Guid(666a9c982260d4543b9b680fb39c8573) Importer(815301076,1909f56bfc062723c751e8b465ee728b)  -> (artifact id: '1f91f8f15b190888fd705d2c8b2d5129') in 0.000940 seconds
Number of updated asset objects reloaded before import = 0
Number of asset objects unloaded after import = 0
========================================================================
Received Import Request.
  Time since last request: 2.338938 seconds.
  path: Assets/Scenes/Levels/Medium
  artifactKey: Guid(666a9c982260d4543b9b680fb39c8573) Importer(2089858483,0ecaa5967403d082aa24f35e1b516d23)
Start importing Assets/Scenes/Levels/Medium using Guid(666a9c982260d4543b9b680fb39c8573) Importer(2089858483,0ecaa5967403d082aa24f35e1b516d23) Generated GUIDs only implemented for interfaces!
 -> (artifact id: 'f7ee5758e921f88b9fb4937e126b13a3') in 0.034857 seconds
Number of updated asset objects reloaded before import = 0
Number of asset objects unloaded after import = 1
========================================================================
Received Import Request.
  Time since last request: 1.927326 seconds.
  path: Assets/Scenes/Levels/hard
  artifactKey: Guid(fb6f52369d578724091cb23ebef0a101) Importer(815301076,1909f56bfc062723c751e8b465ee728b)
Start importing Assets/Scenes/Levels/hard using Guid(fb6f52369d578724091cb23ebef0a101) Importer(815301076,1909f56bfc062723c751e8b465ee728b)  -> (artifact id: '36dfb8cf9cf8513a096ba4aae5dee31c') in 0.000714 seconds
Number of updated asset objects reloaded before import = 0
Number of asset objects unloaded after import = 0
========================================================================
Received Import Request.
  Time since last request: 0.948938 seconds.
  path: Assets/Scenes/Levels/hard
  artifactKey: Guid(fb6f52369d578724091cb23ebef0a101) Importer(2089858483,0ecaa5967403d082aa24f35e1b516d23)
Start importing Assets/Scenes/Levels/hard using Guid(fb6f52369d578724091cb23ebef0a101) Importer(2089858483,0ecaa5967403d082aa24f35e1b516d23) Generated GUIDs only implemented for interfaces!
 -> (artifact id: '797bde695cd5a49daf4cef12befd6216') in 0.013589 seconds
Number of updated asset objects reloaded before import = 0
Number of asset objects unloaded after import = 1
========================================================================
Received Import Request.
  Time since last request: 1.619635 seconds.
  path: Assets/Scenes/Levels/Easy/EasyLevel.unity
  artifactKey: Guid(f72a073983161714db13ddd2ce538d9a) Importer(2089858483,0ecaa5967403d082aa24f35e1b516d23)
Start importing Assets/Scenes/Levels/Easy/EasyLevel.unity using Guid(f72a073983161714db13ddd2ce538d9a) Importer(2089858483,0ecaa5967403d082aa24f35e1b516d23) Generated GUIDs only implemented for interfaces!
 -> (artifact id: '92158ff29a50afed6c70a370632705df') in 0.017031 seconds
Number of updated asset objects reloaded before import = 0
Number of asset objects unloaded after import = 1
========================================================================
Received Import Request.
  Time since last request: 1.741148 seconds.
  path: Assets/Scenes/Levels/hard/hardlevel.unity
  artifactKey: Guid(2cda990e2423bbf4892e6590ba056729) Importer(2089858483,0ecaa5967403d082aa24f35e1b516d23)
Start importing Assets/Scenes/Levels/hard/hardlevel.unity using Guid(2cda990e2423bbf4892e6590ba056729) Importer(2089858483,0ecaa5967403d082aa24f35e1b516d23) Generated GUIDs only implemented for interfaces!
 -> (artifact id: '75e128bbafec31efc8782bac2fa72804') in 0.035217 seconds
Number of updated asset objects reloaded before import = 0
Number of asset objects unloaded after import = 1
========================================================================
Received Import Request.
  Time since last request: 29.275859 seconds.
  path: Assets/Scripts/Enemies
  artifactKey: Guid(b8c86f16d91eb59408ce493396addccd) Importer(815301076,1909f56bfc062723c751e8b465ee728b)
Start importing Assets/Scripts/Enemies using Guid(b8c86f16d91eb59408ce493396addccd) Importer(815301076,1909f56bfc062723c751e8b465ee728b)  -> (artifact id: '45547b8bc8ce2587f7436086729c9b17') in 0.000898 seconds
Number of updated asset objects reloaded before import = 0
Number of asset objects unloaded after import = 0
========================================================================
Received Import Request.
  Time since last request: 0.961708 seconds.
  path: Assets/Scripts/Enemies
  artifactKey: Guid(b8c86f16d91eb59408ce493396addccd) Importer(2089858483,0ecaa5967403d082aa24f35e1b516d23)
Start importing Assets/Scripts/Enemies using Guid(b8c86f16d91eb59408ce493396addccd) Importer(2089858483,0ecaa5967403d082aa24f35e1b516d23) Generated GUIDs only implemented for interfaces!
 -> (artifact id: '8580dd3d1319cae5a8a29a57f36b41f8') in 0.018261 seconds
Number of updated asset objects reloaded before import = 0
Number of asset objects unloaded after import = 1
========================================================================
Received Import Request.
  Time since last request: 1.682031 seconds.
  path: Assets/Scripts/Enemies/EnemyMovement.cs
  artifactKey: Guid(98f207bc9a2f9574486bfaf180a99f71) Importer(2089858483,0ecaa5967403d082aa24f35e1b516d23)
Start importing Assets/Scripts/Enemies/EnemyMovement.cs using Guid(98f207bc9a2f9574486bfaf180a99f71) Importer(2089858483,0ecaa5967403d082aa24f35e1b516d23) Generated GUIDs only implemented for interfaces!
 -> (artifact id: '07fcbd36ccc45b0cf2ddaca882a2ef21') in 0.039631 seconds
Number of updated asset objects reloaded before import = 0
Number of asset objects unloaded after import = 1
========================================================================
Received Import Request.
  Time since last request: 1.450411 seconds.
  path: Assets/Scripts/EnemyMovement.cs
  artifactKey: Guid(dfd86fc037e96624eb95e6a0f81c92b6) Importer(2089858483,0ecaa5967403d082aa24f35e1b516d23)
Start importing Assets/Scripts/EnemyMovement.cs using Guid(dfd86fc037e96624eb95e6a0f81c92b6) Importer(2089858483,0ecaa5967403d082aa24f35e1b516d23) Generated GUIDs only implemented for interfaces!
 -> (artifact id: 'c5f0599133d6f09e3e8fb69db2995745') in 0.056004 seconds
Number of updated asset objects reloaded before import = 0
Number of asset objects unloaded after import = 1
========================================================================
Received Import Request.
  Time since last request: 14.032700 seconds.
  path: Assets/Scripts/EnemyMovement.cs
  artifactKey: Guid(dfd86fc037e96624eb95e6a0f81c92b6) Importer(815301076,1909f56bfc062723c751e8b465ee728b)
Start importing Assets/Scripts/EnemyMovement.cs using Guid(dfd86fc037e96624eb95e6a0f81c92b6) Importer(815301076,1909f56bfc062723c751e8b465ee728b)  -> (artifact id: 'ea420018267012cea28d51e046821fb7') in 0.009873 seconds
Number of updated asset objects reloaded before import = 0
Number of asset objects unloaded after import = 0
========================================================================
Received Import Request.
  Time since last request: 61.551130 seconds.
  path: Assets/Scripts/Enemies/EnemyMovement.cs
  artifactKey: Guid(98f207bc9a2f9574486bfaf180a99f71) Importer(815301076,1909f56bfc062723c751e8b465ee728b)
Start importing Assets/Scripts/Enemies/EnemyMovement.cs using Guid(98f207bc9a2f9574486bfaf180a99f71) Importer(815301076,1909f56bfc062723c751e8b465ee728b)  -> (artifact id: 'bd249d350197894be963f6bcf044a906') in 0.002258 seconds
Number of updated asset objects reloaded before import = 0
Number of asset objects unloaded after import = 0
========================================================================
Received Prepare
Begin MonoManager ReloadAssembly
- Loaded All Assemblies, in  1.940 seconds
Refreshing native plugins compatible for Editor in 20.98 ms, found 4 plugins.
Native extension for WindowsStandalone target not found
[Package Manager] Server::EnsureServerProcessIsRunning -- launch failed, reason: Unity was launched with the -noUpm command-line argument
[Package Manager] UpmClient::Send -- Unable to send message (not connected to UPM process).
[Package Manager] Cannot connect to Unity Package Manager local server
Mono: successfully reloaded assembly
- Finished resetting the current domain, in 19.709 seconds
Domain Reload Profiling: 21645ms
	BeginReloadAssembly (740ms)
		ExecutionOrderSort (0ms)
		DisableScriptedObjects (108ms)
		BackupInstance (0ms)
		ReleaseScriptingObjects (2ms)
		CreateAndSetChildDomain (338ms)
	RebuildCommonClasses (30ms)
	RebuildNativeTypeToScriptingClass (12ms)
	initialDomainReloadingComplete (33ms)
	LoadAllAssembliesAndSetupDomain (1120ms)
		LoadAssemblies (1168ms)
		RebuildTransferFunctionScriptingTraits (0ms)
		AnalyzeDomain (141ms)
			TypeCache.Refresh (35ms)
				TypeCache.ScanAssembly (1ms)
			ScanForSourceGeneratedMonoScriptInfo (83ms)
			ResolveRequiredComponents (21ms)
	FinalizeReload (19710ms)
		ReleaseScriptCaches (0ms)
		RebuildScriptCaches (0ms)
		SetupLoadedEditorAssemblies (676ms)
			LogAssemblyErrors (0ms)
			InitializePlatformSupportModulesInManaged (7ms)
			SetLoadedEditorAssemblies (6ms)
			RefreshPlugins (0ms)
			BeforeProcessingInitializeOnLoad (134ms)
			ProcessInitializeOnLoadAttributes (440ms)
			ProcessInitializeOnLoadMethodAttributes (73ms)
			AfterProcessingInitializeOnLoad (15ms)
			EditorAssembliesLoaded (0ms)
		ExecutionOrderSort2 (0ms)
		AwakeInstancesAfterBackupRestoration (24ms)
Refreshing native plugins compatible for Editor in 17.51 ms, found 4 plugins.
Preloading 0 native plugins for Editor in 0.00 ms.
Unloading 5525 Unused Serialized files (Serialized files now loaded: 0)
Unloading 54 unused Assets / (505.1 KB). Loaded Objects now: 6175.
Memory consumption went from 202.1 MB to 201.6 MB.
Total: 7.061800 ms (FindLiveObjects: 0.621500 ms CreateObjectMapping: 0.449000 ms MarkObjects: 5.494100 ms  DeleteObjects: 0.494400 ms)

Prepare: number of updated asset objects reloaded= 0
AssetImportParameters requested are different than current active one (requested -> active):
  custom:container-demuxer-ogg: 62fdf1f143b41e24485cea50d1cbac27 -> 
  custom:video-codec-MediaFoundation-h265: 746d11721c4dcdbdad8f713fa42b33f4 -> 
  custom:video-decoder-ogg-theora: a1e56fd34408186e4bbccfd4996cb3dc -> 
  custom:framework-win-MediaFoundation: 216162199b28c13a410421893ffa2e32 -> 
  custom:CustomObjectIndexerAttribute: 62b5816608c3102f162a1797e29626cf -> 
  custom:container-demuxer-webm: 4f35f7cbe854078d1ac9338744f61a02 -> 
  custom:container-muxer-webm: aa71ff27fc2769a1b78a27578f13a17b -> 
  custom:video-decoder-webm-vp8: 9c59270c3fd7afecdb556c50c9e8de78 -> 
  custom:SearchIndexIgnoredProperties: e643bd26f0fe6173181afceb89e7c659 -> 
  custom:AudioImporter_EditorPlatform: d09bf68614088b80899f8185d706f6e7 -> 
  custom:video-encoder-webm-vp8: eb34c28f22e8b96e1ab97ce403110664 -> 
  custom:audio-decoder-ogg-vorbis: bf7c407c2cedff20999df2af8eb42d56 -> 
  custom:audio-encoder-webm-vorbis: bf7c407c2cedff20999df2af8eb42d56 -> 
========================================================================
Received Prepare
Begin MonoManager ReloadAssembly
- Loaded All Assemblies, in  0.925 seconds
Refreshing native plugins compatible for Editor in 7.52 ms, found 4 plugins.
Native extension for WindowsStandalone target not found
[Package Manager] Server::EnsureServerProcessIsRunning -- launch failed, reason: Unity was launched with the -noUpm command-line argument
[Package Manager] UpmClient::Send -- Unable to send message (not connected to UPM process).
[Package Manager] Cannot connect to Unity Package Manager local server
Mono: successfully reloaded assembly
- Finished resetting the current domain, in  2.413 seconds
Domain Reload Profiling: 3328ms
	BeginReloadAssembly (287ms)
		ExecutionOrderSort (0ms)
		DisableScriptedObjects (23ms)
		BackupInstance (0ms)
		ReleaseScriptingObjects (0ms)
		CreateAndSetChildDomain (42ms)
	RebuildCommonClasses (39ms)
	RebuildNativeTypeToScriptingClass (14ms)
	initialDomainReloadingComplete (43ms)
	LoadAllAssembliesAndSetupDomain (533ms)
		LoadAssemblies (665ms)
		RebuildTransferFunctionScriptingTraits (0ms)
		AnalyzeDomain (50ms)
			TypeCache.Refresh (12ms)
				TypeCache.ScanAssembly (0ms)
			ScanForSourceGeneratedMonoScriptInfo (27ms)
			ResolveRequiredComponents (10ms)
	FinalizeReload (2413ms)
		ReleaseScriptCaches (0ms)
		RebuildScriptCaches (0ms)
		SetupLoadedEditorAssemblies (755ms)
			LogAssemblyErrors (0ms)
			InitializePlatformSupportModulesInManaged (7ms)
			SetLoadedEditorAssemblies (9ms)
			RefreshPlugins (0ms)
			BeforeProcessingInitializeOnLoad (179ms)
			ProcessInitializeOnLoadAttributes (494ms)
			ProcessInitializeOnLoadMethodAttributes (59ms)
			AfterProcessingInitializeOnLoad (7ms)
			EditorAssembliesLoaded (0ms)
		ExecutionOrderSort2 (0ms)
		AwakeInstancesAfterBackupRestoration (15ms)
Refreshing native plugins compatible for Editor in 7.19 ms, found 4 plugins.
Preloading 0 native plugins for Editor in 0.00 ms.
Unloading 5525 Unused Serialized files (Serialized files now loaded: 0)
Unloading 54 unused Assets / (505.1 KB). Loaded Objects now: 6180.
Memory consumption went from 203.9 MB to 203.4 MB.
Total: 3.957400 ms (FindLiveObjects: 0.496800 ms CreateObjectMapping: 0.188400 ms MarkObjects: 3.036800 ms  DeleteObjects: 0.233500 ms)

Prepare: number of updated asset objects reloaded= 0
AssetImportParameters requested are different than current active one (requested -> active):
  custom:container-demuxer-ogg: 62fdf1f143b41e24485cea50d1cbac27 -> 
  custom:video-codec-MediaFoundation-h265: 746d11721c4dcdbdad8f713fa42b33f4 -> 
  custom:video-decoder-ogg-theora: a1e56fd34408186e4bbccfd4996cb3dc -> 
  custom:framework-win-MediaFoundation: 216162199b28c13a410421893ffa2e32 -> 
  custom:CustomObjectIndexerAttribute: 62b5816608c3102f162a1797e29626cf -> 
  custom:container-demuxer-webm: 4f35f7cbe854078d1ac9338744f61a02 -> 
  custom:container-muxer-webm: aa71ff27fc2769a1b78a27578f13a17b -> 
  custom:video-decoder-webm-vp8: 9c59270c3fd7afecdb556c50c9e8de78 -> 
  custom:SearchIndexIgnoredProperties: e643bd26f0fe6173181afceb89e7c659 -> 
  custom:AudioImporter_EditorPlatform: d09bf68614088b80899f8185d706f6e7 -> 
  custom:video-encoder-webm-vp8: eb34c28f22e8b96e1ab97ce403110664 -> 
  custom:audio-decoder-ogg-vorbis: bf7c407c2cedff20999df2af8eb42d56 -> 
  custom:audio-encoder-webm-vorbis: bf7c407c2cedff20999df2af8eb42d56 -> 
========================================================================
Received Import Request.
  Time since last request: 63.939961 seconds.
  path: Assets/Scripts/Towers
  artifactKey: Guid(6a5c270df8b883b42aec8a155203fe15) Importer(815301076,1909f56bfc062723c751e8b465ee728b)
Start importing Assets/Scripts/Towers using Guid(6a5c270df8b883b42aec8a155203fe15) Importer(815301076,1909f56bfc062723c751e8b465ee728b)  -> (artifact id: '02b066c390322dc3a75bab81b64c2cf2') in 0.004611 seconds
Number of updated asset objects reloaded before import = 0
Number of asset objects unloaded after import = 0
========================================================================
Received Import Request.
  Time since last request: 3.256145 seconds.
  path: Assets/Scripts/Towers/Selling
  artifactKey: Guid(d5d2ec5daa15c9d4aa0edba88d43eb4f) Importer(815301076,1909f56bfc062723c751e8b465ee728b)
Start importing Assets/Scripts/Towers/Selling using Guid(d5d2ec5daa15c9d4aa0edba88d43eb4f) Importer(815301076,1909f56bfc062723c751e8b465ee728b)  -> (artifact id: 'c896434981e7b76a959f6d8bc4bf5c8f') in 0.000704 seconds
Number of updated asset objects reloaded before import = 0
Number of asset objects unloaded after import = 0
========================================================================
Received Import Request.
  Time since last request: 6.046505 seconds.
  path: Assets/Scripts/Towers/Buying
  artifactKey: Guid(5f241f734976e664793f1dfbe2d1e48c) Importer(815301076,1909f56bfc062723c751e8b465ee728b)
Start importing Assets/Scripts/Towers/Buying using Guid(5f241f734976e664793f1dfbe2d1e48c) Importer(815301076,1909f56bfc062723c751e8b465ee728b)  -> (artifact id: 'a3005d72661e41e5355536f155308332') in 0.000959 seconds
Number of updated asset objects reloaded before import = 0
Number of asset objects unloaded after import = 0
========================================================================
Received Import Request.
  Time since last request: 50.440351 seconds.
  path: Assets/Scripts/Towers/Upgrades
  artifactKey: Guid(2727f4ff460588d4bb907dc321df2e89) Importer(815301076,1909f56bfc062723c751e8b465ee728b)
Start importing Assets/Scripts/Towers/Upgrades using Guid(2727f4ff460588d4bb907dc321df2e89) Importer(815301076,1909f56bfc062723c751e8b465ee728b)  -> (artifact id: 'fbb3832154b74f58f1093d7868a6e369') in 0.002467 seconds
Number of updated asset objects reloaded before import = 0
Number of asset objects unloaded after import = 0
========================================================================
Received Import Request.
  Time since last request: 28.622432 seconds.
  path: Assets/Scripts/Enemies/Movement
  artifactKey: Guid(69ecf29622b47204ab05866308e1f443) Importer(815301076,1909f56bfc062723c751e8b465ee728b)
Start importing Assets/Scripts/Enemies/Movement using Guid(69ecf29622b47204ab05866308e1f443) Importer(815301076,1909f56bfc062723c751e8b465ee728b)  -> (artifact id: 'b9315805884a29573e2f62527af0fd4d') in 0.000647 seconds
Number of updated asset objects reloaded before import = 0
Number of asset objects unloaded after import = 0
========================================================================
Received Prepare
Begin MonoManager ReloadAssembly
- Loaded All Assemblies, in  0.823 seconds
Refreshing native plugins compatible for Editor in 8.56 ms, found 4 plugins.
Native extension for WindowsStandalone target not found
[Package Manager] Server::EnsureServerProcessIsRunning -- launch failed, reason: Unity was launched with the -noUpm command-line argument
[Package Manager] UpmClient::Send -- Unable to send message (not connected to UPM process).
[Package Manager] Cannot connect to Unity Package Manager local server
Mono: successfully reloaded assembly
- Finished resetting the current domain, in  1.850 seconds
Domain Reload Profiling: 2667ms
	BeginReloadAssembly (259ms)
		ExecutionOrderSort (0ms)
		DisableScriptedObjects (18ms)
		BackupInstance (0ms)
		ReleaseScriptingObjects (0ms)
		CreateAndSetChildDomain (54ms)
	RebuildCommonClasses (38ms)
	RebuildNativeTypeToScriptingClass (9ms)
	initialDomainReloadingComplete (48ms)
	LoadAllAssembliesAndSetupDomain (462ms)
		LoadAssemblies (542ms)
		RebuildTransferFunctionScriptingTraits (0ms)
		AnalyzeDomain (62ms)
			TypeCache.Refresh (13ms)
				TypeCache.ScanAssembly (0ms)
			ScanForSourceGeneratedMonoScriptInfo (29ms)
			ResolveRequiredComponents (19ms)
	FinalizeReload (1851ms)
		ReleaseScriptCaches (0ms)
		RebuildScriptCaches (0ms)
		SetupLoadedEditorAssemblies (734ms)
			LogAssemblyErrors (0ms)
			InitializePlatformSupportModulesInManaged (8ms)
			SetLoadedEditorAssemblies (6ms)
			RefreshPlugins (0ms)
			BeforeProcessingInitializeOnLoad (191ms)
			ProcessInitializeOnLoadAttributes (454ms)
			ProcessInitializeOnLoadMethodAttributes (66ms)
			AfterProcessingInitializeOnLoad (9ms)
			EditorAssembliesLoaded (0ms)
		ExecutionOrderSort2 (0ms)
		AwakeInstancesAfterBackupRestoration (19ms)
Refreshing native plugins compatible for Editor in 8.80 ms, found 4 plugins.
Preloading 0 native plugins for Editor in 0.00 ms.
Unloading 5525 Unused Serialized files (Serialized files now loaded: 0)
Unloading 54 unused Assets / (505.0 KB). Loaded Objects now: 6185.
Memory consumption went from 205.9 MB to 205.4 MB.
Total: 4.022000 ms (FindLiveObjects: 0.456200 ms CreateObjectMapping: 0.182800 ms MarkObjects: 3.137800 ms  DeleteObjects: 0.243500 ms)

Prepare: number of updated asset objects reloaded= 0
AssetImportParameters requested are different than current active one (requested -> active):
  custom:container-demuxer-ogg: 62fdf1f143b41e24485cea50d1cbac27 -> 
  custom:video-codec-MediaFoundation-h265: 746d11721c4dcdbdad8f713fa42b33f4 -> 
  custom:video-decoder-ogg-theora: a1e56fd34408186e4bbccfd4996cb3dc -> 
  custom:framework-win-MediaFoundation: 216162199b28c13a410421893ffa2e32 -> 
  custom:CustomObjectIndexerAttribute: 62b5816608c3102f162a1797e29626cf -> 
  custom:container-demuxer-webm: 4f35f7cbe854078d1ac9338744f61a02 -> 
  custom:container-muxer-webm: aa71ff27fc2769a1b78a27578f13a17b -> 
  custom:video-decoder-webm-vp8: 9c59270c3fd7afecdb556c50c9e8de78 -> 
  custom:SearchIndexIgnoredProperties: e643bd26f0fe6173181afceb89e7c659 -> 
  custom:AudioImporter_EditorPlatform: d09bf68614088b80899f8185d706f6e7 -> 
  custom:video-encoder-webm-vp8: eb34c28f22e8b96e1ab97ce403110664 -> 
  custom:audio-decoder-ogg-vorbis: bf7c407c2cedff20999df2af8eb42d56 -> 
  custom:audio-encoder-webm-vorbis: bf7c407c2cedff20999df2af8eb42d56 -> 
========================================================================
Received Import Request.
  Time since last request: 16.660132 seconds.
  path: Assets/Scripts/Enemies/Spawning
  artifactKey: Guid(c916b873b64364c4b86a3004e33c819b) Importer(815301076,1909f56bfc062723c751e8b465ee728b)
Start importing Assets/Scripts/Enemies/Spawning using Guid(c916b873b64364c4b86a3004e33c819b) Importer(815301076,1909f56bfc062723c751e8b465ee728b)  -> (artifact id: '8f19c1163249d315200e2befd4812297') in 0.004310 seconds
Number of updated asset objects reloaded before import = 0
Number of asset objects unloaded after import = 0
========================================================================
Received Prepare
Begin MonoManager ReloadAssembly
- Loaded All Assemblies, in  0.725 seconds
Refreshing native plugins compatible for Editor in 7.19 ms, found 4 plugins.
Native extension for WindowsStandalone target not found
[Package Manager] Server::EnsureServerProcessIsRunning -- launch failed, reason: Unity was launched with the -noUpm command-line argument
[Package Manager] UpmClient::Send -- Unable to send message (not connected to UPM process).
[Package Manager] Cannot connect to Unity Package Manager local server
Mono: successfully reloaded assembly
- Finished resetting the current domain, in  1.645 seconds
Domain Reload Profiling: 2364ms
	BeginReloadAssembly (202ms)
		ExecutionOrderSort (0ms)
		DisableScriptedObjects (12ms)
		BackupInstance (0ms)
		ReleaseScriptingObjects (0ms)
		CreateAndSetChildDomain (45ms)
	RebuildCommonClasses (59ms)
	RebuildNativeTypeToScriptingClass (15ms)
	initialDomainReloadingComplete (41ms)
	LoadAllAssembliesAndSetupDomain (403ms)
		LoadAssemblies (462ms)
		RebuildTransferFunctionScriptingTraits (0ms)
		AnalyzeDomain (44ms)
			TypeCache.Refresh (10ms)
				TypeCache.ScanAssembly (0ms)
			ScanForSourceGeneratedMonoScriptInfo (21ms)
			ResolveRequiredComponents (12ms)
	FinalizeReload (1645ms)
		ReleaseScriptCaches (0ms)
		RebuildScriptCaches (0ms)
		SetupLoadedEditorAssemblies (660ms)
			LogAssemblyErrors (0ms)
			InitializePlatformSupportModulesInManaged (6ms)
			SetLoadedEditorAssemblies (7ms)
			RefreshPlugins (0ms)
			BeforeProcessingInitializeOnLoad (135ms)
			ProcessInitializeOnLoadAttributes (424ms)
			ProcessInitializeOnLoadMethodAttributes (75ms)
			AfterProcessingInitializeOnLoad (13ms)
			EditorAssembliesLoaded (0ms)
		ExecutionOrderSort2 (0ms)
		AwakeInstancesAfterBackupRestoration (19ms)
Refreshing native plugins compatible for Editor in 7.81 ms, found 4 plugins.
Preloading 0 native plugins for Editor in 0.00 ms.
Unloading 5525 Unused Serialized files (Serialized files now loaded: 0)
Unloading 54 unused Assets / (505.1 KB). Loaded Objects now: 6190.
Memory consumption went from 207.8 MB to 207.3 MB.
Total: 5.428900 ms (FindLiveObjects: 0.575500 ms CreateObjectMapping: 0.253900 ms MarkObjects: 4.191200 ms  DeleteObjects: 0.406100 ms)

Prepare: number of updated asset objects reloaded= 0
AssetImportParameters requested are different than current active one (requested -> active):
  custom:container-demuxer-ogg: 62fdf1f143b41e24485cea50d1cbac27 -> 
  custom:video-codec-MediaFoundation-h265: 746d11721c4dcdbdad8f713fa42b33f4 -> 
  custom:video-decoder-ogg-theora: a1e56fd34408186e4bbccfd4996cb3dc -> 
  custom:framework-win-MediaFoundation: 216162199b28c13a410421893ffa2e32 -> 
  custom:CustomObjectIndexerAttribute: 62b5816608c3102f162a1797e29626cf -> 
  custom:container-demuxer-webm: 4f35f7cbe854078d1ac9338744f61a02 -> 
  custom:container-muxer-webm: aa71ff27fc2769a1b78a27578f13a17b -> 
  custom:video-decoder-webm-vp8: 9c59270c3fd7afecdb556c50c9e8de78 -> 
  custom:SearchIndexIgnoredProperties: e643bd26f0fe6173181afceb89e7c659 -> 
  custom:AudioImporter_EditorPlatform: d09bf68614088b80899f8185d706f6e7 -> 
  custom:video-encoder-webm-vp8: eb34c28f22e8b96e1ab97ce403110664 -> 
  custom:audio-decoder-ogg-vorbis: bf7c407c2cedff20999df2af8eb42d56 -> 
  custom:audio-encoder-webm-vorbis: bf7c407c2cedff20999df2af8eb42d56 -> 
========================================================================
Received Import Request.
  Time since last request: 20.578690 seconds.
  path: Assets/Scripts/Enemies/Disappearing
  artifactKey: Guid(7514b40f244877b46b2a136e7bfadefc) Importer(815301076,1909f56bfc062723c751e8b465ee728b)
Start importing Assets/Scripts/Enemies/Disappearing using Guid(7514b40f244877b46b2a136e7bfadefc) Importer(815301076,1909f56bfc062723c751e8b465ee728b)  -> (artifact id: '90ff6070374f69f0af173c8029241cd6') in 0.002157 seconds
Number of updated asset objects reloaded before import = 0
Number of asset objects unloaded after import = 0
========================================================================
Received Import Request.
  Time since last request: 13.321218 seconds.
  path: Assets/Scripts/Towers/Attacking
  artifactKey: Guid(2871709dfbc244a49976075efec466c7) Importer(815301076,1909f56bfc062723c751e8b465ee728b)
Start importing Assets/Scripts/Towers/Attacking using Guid(2871709dfbc244a49976075efec466c7) Importer(815301076,1909f56bfc062723c751e8b465ee728b)  -> (artifact id: '01101845fd02dc48cce016a862d75011') in 0.000925 seconds
Number of updated asset objects reloaded before import = 0
Number of asset objects unloaded after import = 0
========================================================================
Received Import Request.
  Time since last request: 6.584873 seconds.
  path: Assets/prefabs/Enemies/Circle.prefab
  artifactKey: Guid(faa27d8002874c2439c916a3619b56c3) Importer(815301076,1909f56bfc062723c751e8b465ee728b)
Start importing Assets/prefabs/Enemies/Circle.prefab using Guid(faa27d8002874c2439c916a3619b56c3) Importer(815301076,1909f56bfc062723c751e8b465ee728b)  -> (artifact id: 'ee0784eb03b16af848fa6b5573cba5e7') in 0.375259 seconds
Number of updated asset objects reloaded before import = 0
Number of asset objects unloaded after import = 28
========================================================================
Received Import Request.
  Time since last request: 21.498793 seconds.
  path: Assets/Scripts/Towers/Placing
  artifactKey: Guid(54d61a09057b72e4c93134775ad55079) Importer(815301076,1909f56bfc062723c751e8b465ee728b)
Start importing Assets/Scripts/Towers/Placing using Guid(54d61a09057b72e4c93134775ad55079) Importer(815301076,1909f56bfc062723c751e8b465ee728b)  -> (artifact id: 'bde6bd3bef5d9277d6ecd7ab4357e6e9') in 0.001020 seconds
Number of updated asset objects reloaded before import = 0
Number of asset objects unloaded after import = 0
========================================================================
Received Import Request.
  Time since last request: 14.916975 seconds.
  path: Assets/Graphics/UI/ConstantGUI/Enemies
  artifactKey: Guid(28b7b206cc8aefe47aa5a40753b0b4f3) Importer(815301076,1909f56bfc062723c751e8b465ee728b)
Start importing Assets/Graphics/UI/ConstantGUI/Enemies using Guid(28b7b206cc8aefe47aa5a40753b0b4f3) Importer(815301076,1909f56bfc062723c751e8b465ee728b)  -> (artifact id: 'b4187e04a8faa236b1ea3cfb01fa3fbb') in 0.001029 seconds
Number of updated asset objects reloaded before import = 0
Number of asset objects unloaded after import = 0
========================================================================
Received Import Request.
  Time since last request: 6.392542 seconds.
  path: Assets/Graphics/UI/ConstantGUI/Towers
  artifactKey: Guid(28b7b206cc8aefe47aa5a40753b0b4f3) Importer(815301076,1909f56bfc062723c751e8b465ee728b)
Start importing Assets/Graphics/UI/ConstantGUI/Towers using Guid(28b7b206cc8aefe47aa5a40753b0b4f3) Importer(815301076,1909f56bfc062723c751e8b465ee728b)  -> (artifact id: '64741b6e19f1db4cc196cf2f45b8a54f') in 0.000841 seconds
Number of updated asset objects reloaded before import = 0
Number of asset objects unloaded after import = 0
========================================================================
Received Import Request.
  Time since last request: 182.585456 seconds.
  path: Assets/Graphics/UI/ConstantGUI/health
  artifactKey: Guid(3f7d03f1dfedcae47b6cccd483f1ac29) Importer(815301076,1909f56bfc062723c751e8b465ee728b)
Start importing Assets/Graphics/UI/ConstantGUI/health using Guid(3f7d03f1dfedcae47b6cccd483f1ac29) Importer(815301076,1909f56bfc062723c751e8b465ee728b)  -> (artifact id: 'd23adad589d974e9959524dbff6f909b') in 0.001090 seconds
Number of updated asset objects reloaded before import = 0
Number of asset objects unloaded after import = 0
========================================================================
Received Import Request.
  Time since last request: 6.325123 seconds.
  path: Assets/Graphics/UI/ConstantGUI/money
  artifactKey: Guid(eb32dcd91743c964d84e295e542043a0) Importer(815301076,1909f56bfc062723c751e8b465ee728b)
Start importing Assets/Graphics/UI/ConstantGUI/money using Guid(eb32dcd91743c964d84e295e542043a0) Importer(815301076,1909f56bfc062723c751e8b465ee728b)  -> (artifact id: 'edad9225e422bbd0865c98b4c43b91d3') in 0.000610 seconds
Number of updated asset objects reloaded before import = 0
Number of asset objects unloaded after import = 0
========================================================================
Received Import Request.
  Time since last request: 10.025765 seconds.
  path: Assets/Graphics/UI/ConstantGUI/pauze button
  artifactKey: Guid(a9134aaff9f0cf64387dab550cd5843d) Importer(815301076,1909f56bfc062723c751e8b465ee728b)
Start importing Assets/Graphics/UI/ConstantGUI/pauze button using Guid(a9134aaff9f0cf64387dab550cd5843d) Importer(815301076,1909f56bfc062723c751e8b465ee728b)  -> (artifact id: 'b5356c93da25b55332a59f85c73cb8e4') in 0.000944 seconds
Number of updated asset objects reloaded before import = 0
Number of asset objects unloaded after import = 0
