Using pre-set license
Built from '2022.3/release' branch; Version is '2022.3.20f1 (61c2feb0970d) revision 6406910'; Using compiler version '192829333'; Build Type 'Release'
OS: 'Windows 11  (10.0.22631) 64bit Core' Language: 'en' Physical Memory: 16083 MB
BatchMode: 1, IsHumanControllingUs: 0, StartBugReporterOnCrash: 0, Is64bit: 1, IsPro: 1

COMMAND LINE ARGUMENTS:
C:\Program Files\Unity\Hub\Editor\2022.3.20f1\Editor\Unity.exe
-adb2
-batchMode
-noUpm
-name
AssetImportWorker4
-projectPath
C:/Users/svenj/Documents/TowerDefenseJaar2M1/TowerdefenseJaar2M1
-logFile
Logs/AssetImportWorker4.log
-srvPort
49756
Successfully changed project path to: C:/Users/svenj/Documents/TowerDefenseJaar2M1/TowerdefenseJaar2M1
C:/Users/svenj/Documents/TowerDefenseJaar2M1/TowerdefenseJaar2M1
[UnityMemory] Configuration Parameters - Can be set up in boot.config
    "memorysetup-bucket-allocator-granularity=16"
    "memorysetup-bucket-allocator-bucket-count=8"
    "memorysetup-bucket-allocator-block-size=33554432"
    "memorysetup-bucket-allocator-block-count=8"
    "memorysetup-main-allocator-block-size=16777216"
    "memorysetup-thread-allocator-block-size=16777216"
    "memorysetup-gfx-main-allocator-block-size=16777216"
    "memorysetup-gfx-thread-allocator-block-size=16777216"
    "memorysetup-cache-allocator-block-size=4194304"
    "memorysetup-typetree-allocator-block-size=2097152"
    "memorysetup-profiler-bucket-allocator-granularity=16"
    "memorysetup-profiler-bucket-allocator-bucket-count=8"
    "memorysetup-profiler-bucket-allocator-block-size=33554432"
    "memorysetup-profiler-bucket-allocator-block-count=8"
    "memorysetup-profiler-allocator-block-size=16777216"
    "memorysetup-profiler-editor-allocator-block-size=1048576"
    "memorysetup-temp-allocator-size-main=16777216"
    "memorysetup-job-temp-allocator-block-size=2097152"
    "memorysetup-job-temp-allocator-block-size-background=1048576"
    "memorysetup-job-temp-allocator-reduction-small-platforms=262144"
    "memorysetup-allocator-temp-initial-block-size-main=262144"
    "memorysetup-allocator-temp-initial-block-size-worker=262144"
    "memorysetup-temp-allocator-size-background-worker=32768"
    "memorysetup-temp-allocator-size-job-worker=262144"
    "memorysetup-temp-allocator-size-preload-manager=33554432"
    "memorysetup-temp-allocator-size-nav-mesh-worker=65536"
    "memorysetup-temp-allocator-size-audio-worker=65536"
    "memorysetup-temp-allocator-size-cloud-worker=32768"
    "memorysetup-temp-allocator-size-gi-baking-worker=262144"
    "memorysetup-temp-allocator-size-gfx=262144"
Player connection [31424] Host "[IP] 192.168.2.41 [Port] 0 [Flags] 2 [Guid] 3532042125 [EditorId] 3532042125 [Version] 1048832 [Id] WindowsEditor(7,galaxybook) [Debug] 1 [PackageName] WindowsEditor [ProjectName] Editor" joined multi-casting on [225.0.0.222:54997]...

Player connection [31424] Host "[IP] 192.168.2.41 [Port] 0 [Flags] 2 [Guid] 3532042125 [EditorId] 3532042125 [Version] 1048832 [Id] WindowsEditor(7,galaxybook) [Debug] 1 [PackageName] WindowsEditor [ProjectName] Editor" joined alternative multi-casting on [225.0.0.222:34997]...

[Physics::Module] Initialized MultithreadedJobDispatcher with 11 workers.
Refreshing native plugins compatible for Editor in 373.37 ms, found 4 plugins.
Preloading 0 native plugins for Editor in 0.00 ms.
Initialize engine version: 2022.3.20f1 (61c2feb0970d)
[Subsystems] Discovering subsystems at path C:/Program Files/Unity/Hub/Editor/2022.3.20f1/Editor/Data/Resources/UnitySubsystems
[Subsystems] Discovering subsystems at path C:/Users/svenj/Documents/TowerDefenseJaar2M1/TowerdefenseJaar2M1/Assets
GfxDevice: creating device client; threaded=0; jobified=0
Direct3D:
    Version:  Direct3D 11.0 [level 11.1]
    Renderer: Intel(R) Iris(R) Xe Graphics (ID=0x46a8)
    Vendor:   Intel
    VRAM:     8041 MB
    Driver:   30.0.101.2079
Initialize mono
Mono path[0] = 'C:/Program Files/Unity/Hub/Editor/2022.3.20f1/Editor/Data/Managed'
Mono path[1] = 'C:/Program Files/Unity/Hub/Editor/2022.3.20f1/Editor/Data/MonoBleedingEdge/lib/mono/unityjit-win32'
Mono config path = 'C:/Program Files/Unity/Hub/Editor/2022.3.20f1/Editor/Data/MonoBleedingEdge/etc'
Using monoOptions --debugger-agent=transport=dt_socket,embedding=1,server=y,suspend=n,address=127.0.0.1:56600
Begin MonoManager ReloadAssembly
Registering precompiled unity dll's ...
Register platform support module: C:/Program Files/Unity/Hub/Editor/2022.3.20f1/Editor/Data/PlaybackEngines/WindowsStandaloneSupport/UnityEditor.WindowsStandalone.Extensions.dll
Registered in 0.009867 seconds.
- Loaded All Assemblies, in  2.088 seconds
Native extension for WindowsStandalone target not found
Mono: successfully reloaded assembly
- Finished resetting the current domain, in  0.297 seconds
Domain Reload Profiling: 2382ms
	BeginReloadAssembly (271ms)
		ExecutionOrderSort (0ms)
		DisableScriptedObjects (0ms)
		BackupInstance (0ms)
		ReleaseScriptingObjects (0ms)
		CreateAndSetChildDomain (1ms)
	RebuildCommonClasses (498ms)
	RebuildNativeTypeToScriptingClass (8ms)
	initialDomainReloadingComplete (57ms)
	LoadAllAssembliesAndSetupDomain (1251ms)
		LoadAssemblies (267ms)
		RebuildTransferFunctionScriptingTraits (0ms)
		AnalyzeDomain (1249ms)
			TypeCache.Refresh (1247ms)
				TypeCache.ScanAssembly (1229ms)
			ScanForSourceGeneratedMonoScriptInfo (0ms)
			ResolveRequiredComponents (1ms)
	FinalizeReload (297ms)
		ReleaseScriptCaches (0ms)
		RebuildScriptCaches (0ms)
		SetupLoadedEditorAssemblies (247ms)
			LogAssemblyErrors (0ms)
			InitializePlatformSupportModulesInManaged (10ms)
			SetLoadedEditorAssemblies (9ms)
			RefreshPlugins (0ms)
			BeforeProcessingInitializeOnLoad (2ms)
			ProcessInitializeOnLoadAttributes (156ms)
			ProcessInitializeOnLoadMethodAttributes (70ms)
			AfterProcessingInitializeOnLoad (0ms)
			EditorAssembliesLoaded (0ms)
		ExecutionOrderSort2 (0ms)
		AwakeInstancesAfterBackupRestoration (0ms)
========================================================================
Worker process is ready to serve import requests
Begin MonoManager ReloadAssembly
- Loaded All Assemblies, in  0.985 seconds
Refreshing native plugins compatible for Editor in 5.90 ms, found 4 plugins.
Native extension for WindowsStandalone target not found
Package Manager log level set to [2]
[Package Manager] Server::EnsureServerProcessIsRunning -- launch failed, reason: Unity was launched with the -noUpm command-line argument
[Package Manager] UpmClient::Send -- Unable to send message (not connected to UPM process).
[Package Manager] Cannot connect to Unity Package Manager local server
Mono: successfully reloaded assembly
- Finished resetting the current domain, in  1.207 seconds
Domain Reload Profiling: 2188ms
	BeginReloadAssembly (134ms)
		ExecutionOrderSort (0ms)
		DisableScriptedObjects (5ms)
		BackupInstance (0ms)
		ReleaseScriptingObjects (0ms)
		CreateAndSetChildDomain (19ms)
	RebuildCommonClasses (25ms)
	RebuildNativeTypeToScriptingClass (8ms)
	initialDomainReloadingComplete (41ms)
	LoadAllAssembliesAndSetupDomain (773ms)
		LoadAssemblies (523ms)
		RebuildTransferFunctionScriptingTraits (0ms)
		AnalyzeDomain (326ms)
			TypeCache.Refresh (277ms)
				TypeCache.ScanAssembly (178ms)
			ScanForSourceGeneratedMonoScriptInfo (38ms)
			ResolveRequiredComponents (9ms)
	FinalizeReload (1207ms)
		ReleaseScriptCaches (0ms)
		RebuildScriptCaches (0ms)
		SetupLoadedEditorAssemblies (940ms)
			LogAssemblyErrors (0ms)
			InitializePlatformSupportModulesInManaged (11ms)
			SetLoadedEditorAssemblies (9ms)
			RefreshPlugins (0ms)
			BeforeProcessingInitializeOnLoad (199ms)
			ProcessInitializeOnLoadAttributes (577ms)
			ProcessInitializeOnLoadMethodAttributes (127ms)
			AfterProcessingInitializeOnLoad (17ms)
			EditorAssembliesLoaded (0ms)
		ExecutionOrderSort2 (0ms)
		AwakeInstancesAfterBackupRestoration (6ms)
Launched and connected shader compiler UnityShaderCompiler.exe after 0.16 seconds
Refreshing native plugins compatible for Editor in 12.81 ms, found 4 plugins.
Preloading 0 native plugins for Editor in 0.00 ms.
Unloading 5690 Unused Serialized files (Serialized files now loaded: 0)
Unloading 91 unused Assets / (0.5 MB). Loaded Objects now: 6145.
Memory consumption went from 224.7 MB to 224.1 MB.
Total: 5.613900 ms (FindLiveObjects: 0.489800 ms CreateObjectMapping: 0.254500 ms MarkObjects: 4.417300 ms  DeleteObjects: 0.450400 ms)

AssetImportParameters requested are different than current active one (requested -> active):
  custom:container-demuxer-ogg: 62fdf1f143b41e24485cea50d1cbac27 -> 
  custom:video-codec-MediaFoundation-h265: 746d11721c4dcdbdad8f713fa42b33f4 -> 
  custom:video-decoder-ogg-theora: a1e56fd34408186e4bbccfd4996cb3dc -> 
  custom:framework-win-MediaFoundation: 216162199b28c13a410421893ffa2e32 -> 
  custom:scripting/monoscript/fileName/CashHandler.cs: c73734826f03d1273f489888b22c04e5 -> f7106967e69d7ea59fa3c9d107ba3289
  custom:scripting/monoscript/fileName/HealthHandler.cs: 41ff4962759a92b661b5174a756d3c4d -> d9f8f1ab6b5a92d9eec3a080b636c1c2
  custom:CustomObjectIndexerAttribute: 62b5816608c3102f162a1797e29626cf -> 
  custom:container-demuxer-webm: 4f35f7cbe854078d1ac9338744f61a02 -> 
  custom:scripting/monoscript/fileName/towerButton.cs: 9aa511fb1c179cdc1fa3a37f03574b3c -> 99aecc600ea35a4d179d5b10bf0bc70c
  custom:container-muxer-webm: aa71ff27fc2769a1b78a27578f13a17b -> 
  custom:video-decoder-webm-vp8: 9c59270c3fd7afecdb556c50c9e8de78 -> 
  custom:SearchIndexIgnoredProperties: e643bd26f0fe6173181afceb89e7c659 -> 
  custom:AudioImporter_EditorPlatform: d09bf68614088b80899f8185d706f6e7 -> 
  custom:video-encoder-webm-vp8: eb34c28f22e8b96e1ab97ce403110664 -> 
  custom:audio-decoder-ogg-vorbis: bf7c407c2cedff20999df2af8eb42d56 -> 
  custom:audio-encoder-webm-vorbis: bf7c407c2cedff20999df2af8eb42d56 -> 
========================================================================
Received Prepare
Begin MonoManager ReloadAssembly
- Loaded All Assemblies, in  0.812 seconds
Refreshing native plugins compatible for Editor in 7.00 ms, found 4 plugins.
Native extension for WindowsStandalone target not found
[Package Manager] Server::EnsureServerProcessIsRunning -- launch failed, reason: Unity was launched with the -noUpm command-line argument
[Package Manager] UpmClient::Send -- Unable to send message (not connected to UPM process).
[Package Manager] Cannot connect to Unity Package Manager local server
Mono: successfully reloaded assembly
- Finished resetting the current domain, in  2.139 seconds
Domain Reload Profiling: 2946ms
	BeginReloadAssembly (270ms)
		ExecutionOrderSort (0ms)
		DisableScriptedObjects (21ms)
		BackupInstance (0ms)
		ReleaseScriptingObjects (0ms)
		CreateAndSetChildDomain (53ms)
	RebuildCommonClasses (43ms)
	RebuildNativeTypeToScriptingClass (15ms)
	initialDomainReloadingComplete (54ms)
	LoadAllAssembliesAndSetupDomain (424ms)
		LoadAssemblies (555ms)
		RebuildTransferFunctionScriptingTraits (0ms)
		AnalyzeDomain (19ms)
			TypeCache.Refresh (6ms)
				TypeCache.ScanAssembly (0ms)
			ScanForSourceGeneratedMonoScriptInfo (0ms)
			ResolveRequiredComponents (12ms)
	FinalizeReload (2140ms)
		ReleaseScriptCaches (0ms)
		RebuildScriptCaches (0ms)
		SetupLoadedEditorAssemblies (827ms)
			LogAssemblyErrors (0ms)
			InitializePlatformSupportModulesInManaged (10ms)
			SetLoadedEditorAssemblies (8ms)
			RefreshPlugins (0ms)
			BeforeProcessingInitializeOnLoad (168ms)
			ProcessInitializeOnLoadAttributes (551ms)
			ProcessInitializeOnLoadMethodAttributes (81ms)
			AfterProcessingInitializeOnLoad (9ms)
			EditorAssembliesLoaded (0ms)
		ExecutionOrderSort2 (0ms)
		AwakeInstancesAfterBackupRestoration (19ms)
Refreshing native plugins compatible for Editor in 7.91 ms, found 4 plugins.
Preloading 0 native plugins for Editor in 0.00 ms.
Unloading 5532 Unused Serialized files (Serialized files now loaded: 0)
Unloading 54 unused Assets / (505.1 KB). Loaded Objects now: 6151.
Memory consumption went from 198.6 MB to 198.1 MB.
Total: 3.780400 ms (FindLiveObjects: 0.324100 ms CreateObjectMapping: 0.197100 ms MarkObjects: 3.003200 ms  DeleteObjects: 0.254600 ms)

Prepare: number of updated asset objects reloaded= 0
AssetImportParameters requested are different than current active one (requested -> active):
  custom:container-demuxer-ogg: 62fdf1f143b41e24485cea50d1cbac27 -> 
  custom:video-codec-MediaFoundation-h265: 746d11721c4dcdbdad8f713fa42b33f4 -> 
  custom:video-decoder-ogg-theora: a1e56fd34408186e4bbccfd4996cb3dc -> 
  custom:framework-win-MediaFoundation: 216162199b28c13a410421893ffa2e32 -> 
  custom:scripting/monoscript/fileName/CashHandler.cs: c73734826f03d1273f489888b22c04e5 -> f7106967e69d7ea59fa3c9d107ba3289
  custom:scripting/monoscript/fileName/HealthHandler.cs: 41ff4962759a92b661b5174a756d3c4d -> d9f8f1ab6b5a92d9eec3a080b636c1c2
  custom:CustomObjectIndexerAttribute: 62b5816608c3102f162a1797e29626cf -> 
  custom:container-demuxer-webm: 4f35f7cbe854078d1ac9338744f61a02 -> 
  custom:scripting/monoscript/fileName/towerButton.cs: 9aa511fb1c179cdc1fa3a37f03574b3c -> 99aecc600ea35a4d179d5b10bf0bc70c
  custom:container-muxer-webm: aa71ff27fc2769a1b78a27578f13a17b -> 
  custom:video-decoder-webm-vp8: 9c59270c3fd7afecdb556c50c9e8de78 -> 
  custom:SearchIndexIgnoredProperties: e643bd26f0fe6173181afceb89e7c659 -> 
  custom:AudioImporter_EditorPlatform: d09bf68614088b80899f8185d706f6e7 -> 
  custom:video-encoder-webm-vp8: eb34c28f22e8b96e1ab97ce403110664 -> 
  custom:audio-decoder-ogg-vorbis: bf7c407c2cedff20999df2af8eb42d56 -> 
  custom:audio-encoder-webm-vorbis: bf7c407c2cedff20999df2af8eb42d56 -> 
========================================================================
Received Import Request.
  Time since last request: 479292.805125 seconds.
  path: Assets/Graphics/Textures/Envoirnments/grate.ase
  artifactKey: Guid(2937e0417ca4e444c9a8ada364633fa3) Importer(815301076,1909f56bfc062723c751e8b465ee728b)
Start importing Assets/Graphics/Textures/Envoirnments/grate.ase using Guid(2937e0417ca4e444c9a8ada364633fa3) Importer(815301076,1909f56bfc062723c751e8b465ee728b)  -> (artifact id: '21e951cf94131e8c19ad7a9b3f8f8031') in 0.315123 seconds
Number of updated asset objects reloaded before import = 0
Number of asset objects unloaded after import = 27
========================================================================
Received Import Request.
  Time since last request: 116.164298 seconds.
  path: Assets/prefabs/Misc_/Barrier.prefab
  artifactKey: Guid(412b2ab92aa1f6b45a9eacfbd8587b82) Importer(815301076,1909f56bfc062723c751e8b465ee728b)
Start importing Assets/prefabs/Misc_/Barrier.prefab using Guid(412b2ab92aa1f6b45a9eacfbd8587b82) Importer(815301076,1909f56bfc062723c751e8b465ee728b)  -> (artifact id: '8aa3cd298f19ca586dc8fcbc88c11b75') in 0.033538 seconds
Number of updated asset objects reloaded before import = 0
Number of asset objects unloaded after import = 10
========================================================================
Received Import Request.
  Time since last request: 15.921124 seconds.
  path: Assets/prefabs/Misc_/Barrier.prefab
  artifactKey: Guid(412b2ab92aa1f6b45a9eacfbd8587b82) Importer(815301076,1909f56bfc062723c751e8b465ee728b)
Start importing Assets/prefabs/Misc_/Barrier.prefab using Guid(412b2ab92aa1f6b45a9eacfbd8587b82) Importer(815301076,1909f56bfc062723c751e8b465ee728b)  -> (artifact id: '412f3dd4d679d6148d2d310513c22bc6') in 0.011947 seconds
Number of updated asset objects reloaded before import = 0
Number of asset objects unloaded after import = 10
========================================================================
Received Import Request.
  Time since last request: 6.012416 seconds.
  path: Assets/prefabs/Misc_/Barrier.prefab
  artifactKey: Guid(412b2ab92aa1f6b45a9eacfbd8587b82) Importer(815301076,1909f56bfc062723c751e8b465ee728b)
Start importing Assets/prefabs/Misc_/Barrier.prefab using Guid(412b2ab92aa1f6b45a9eacfbd8587b82) Importer(815301076,1909f56bfc062723c751e8b465ee728b)  -> (artifact id: '2a57f5d512e43ea286ba1f1e80b91900') in 0.012614 seconds
Number of updated asset objects reloaded before import = 0
Number of asset objects unloaded after import = 10
========================================================================
Received Import Request.
  Time since last request: 6.052828 seconds.
  path: Assets/prefabs/Misc_/Barrier.prefab
  artifactKey: Guid(412b2ab92aa1f6b45a9eacfbd8587b82) Importer(815301076,1909f56bfc062723c751e8b465ee728b)
Start importing Assets/prefabs/Misc_/Barrier.prefab using Guid(412b2ab92aa1f6b45a9eacfbd8587b82) Importer(815301076,1909f56bfc062723c751e8b465ee728b)  -> (artifact id: 'fc47c85f2d84d30f424c39a5227ec5e3') in 0.013147 seconds
Number of updated asset objects reloaded before import = 0
Number of asset objects unloaded after import = 10
========================================================================
Received Import Request.
  Time since last request: 4.012319 seconds.
  path: Assets/prefabs/Misc_/Barrier.prefab
  artifactKey: Guid(412b2ab92aa1f6b45a9eacfbd8587b82) Importer(815301076,1909f56bfc062723c751e8b465ee728b)
Start importing Assets/prefabs/Misc_/Barrier.prefab using Guid(412b2ab92aa1f6b45a9eacfbd8587b82) Importer(815301076,1909f56bfc062723c751e8b465ee728b)  -> (artifact id: 'cf2dac3f93f7081bdd51aebc883c8af3') in 0.019132 seconds
Number of updated asset objects reloaded before import = 0
Number of asset objects unloaded after import = 10
========================================================================
Received Import Request.
  Time since last request: 5.479495 seconds.
  path: Assets/prefabs/Misc_/Barrier.prefab
  artifactKey: Guid(412b2ab92aa1f6b45a9eacfbd8587b82) Importer(815301076,1909f56bfc062723c751e8b465ee728b)
Start importing Assets/prefabs/Misc_/Barrier.prefab using Guid(412b2ab92aa1f6b45a9eacfbd8587b82) Importer(815301076,1909f56bfc062723c751e8b465ee728b)  -> (artifact id: '7e9574e7b968cd7b0978c3eb431fa834') in 0.011665 seconds
Number of updated asset objects reloaded before import = 0
Number of asset objects unloaded after import = 10
========================================================================
Received Import Request.
  Time since last request: 6.494154 seconds.
  path: Assets/prefabs/Misc_/Barrier.prefab
  artifactKey: Guid(412b2ab92aa1f6b45a9eacfbd8587b82) Importer(815301076,1909f56bfc062723c751e8b465ee728b)
Start importing Assets/prefabs/Misc_/Barrier.prefab using Guid(412b2ab92aa1f6b45a9eacfbd8587b82) Importer(815301076,1909f56bfc062723c751e8b465ee728b)  -> (artifact id: 'a2c252718f87615f63436b07111aa464') in 0.012144 seconds
Number of updated asset objects reloaded before import = 0
Number of asset objects unloaded after import = 10
========================================================================
Received Import Request.
  Time since last request: 4.004857 seconds.
  path: Assets/prefabs/Misc_/Barrier.prefab
  artifactKey: Guid(412b2ab92aa1f6b45a9eacfbd8587b82) Importer(815301076,1909f56bfc062723c751e8b465ee728b)
Start importing Assets/prefabs/Misc_/Barrier.prefab using Guid(412b2ab92aa1f6b45a9eacfbd8587b82) Importer(815301076,1909f56bfc062723c751e8b465ee728b)  -> (artifact id: 'a2b134076ec1d54dd3c58b19533c0048') in 0.016609 seconds
Number of updated asset objects reloaded before import = 0
Number of asset objects unloaded after import = 10
========================================================================
Received Import Request.
  Time since last request: 3.222536 seconds.
  path: Assets/prefabs/Misc_/Barrier.prefab
  artifactKey: Guid(412b2ab92aa1f6b45a9eacfbd8587b82) Importer(815301076,1909f56bfc062723c751e8b465ee728b)
Start importing Assets/prefabs/Misc_/Barrier.prefab using Guid(412b2ab92aa1f6b45a9eacfbd8587b82) Importer(815301076,1909f56bfc062723c751e8b465ee728b)  -> (artifact id: '92d5303a995cbeff1fceccb3a4184755') in 0.011994 seconds
Number of updated asset objects reloaded before import = 0
Number of asset objects unloaded after import = 10
========================================================================
Received Import Request.
  Time since last request: 4.832468 seconds.
  path: Assets/prefabs/Misc_/Barrier.prefab
  artifactKey: Guid(412b2ab92aa1f6b45a9eacfbd8587b82) Importer(815301076,1909f56bfc062723c751e8b465ee728b)
Start importing Assets/prefabs/Misc_/Barrier.prefab using Guid(412b2ab92aa1f6b45a9eacfbd8587b82) Importer(815301076,1909f56bfc062723c751e8b465ee728b)  -> (artifact id: 'b079b16c177098f3148c360f8d54f8e1') in 0.012144 seconds
Number of updated asset objects reloaded before import = 0
Number of asset objects unloaded after import = 10
========================================================================
Received Prepare
Begin MonoManager ReloadAssembly
- Loaded All Assemblies, in  0.731 seconds
Refreshing native plugins compatible for Editor in 8.79 ms, found 4 plugins.
Native extension for WindowsStandalone target not found
[Package Manager] Server::EnsureServerProcessIsRunning -- launch failed, reason: Unity was launched with the -noUpm command-line argument
[Package Manager] UpmClient::Send -- Unable to send message (not connected to UPM process).
[Package Manager] Cannot connect to Unity Package Manager local server
Mono: successfully reloaded assembly
- Finished resetting the current domain, in  4.014 seconds
Domain Reload Profiling: 4740ms
	BeginReloadAssembly (174ms)
		ExecutionOrderSort (0ms)
		DisableScriptedObjects (15ms)
		BackupInstance (0ms)
		ReleaseScriptingObjects (0ms)
		CreateAndSetChildDomain (44ms)
	RebuildCommonClasses (40ms)
	RebuildNativeTypeToScriptingClass (9ms)
	initialDomainReloadingComplete (37ms)
	LoadAllAssembliesAndSetupDomain (463ms)
		LoadAssemblies (520ms)
		RebuildTransferFunctionScriptingTraits (0ms)
		AnalyzeDomain (24ms)
			TypeCache.Refresh (8ms)
				TypeCache.ScanAssembly (0ms)
			ScanForSourceGeneratedMonoScriptInfo (0ms)
			ResolveRequiredComponents (15ms)
	FinalizeReload (4015ms)
		ReleaseScriptCaches (0ms)
		RebuildScriptCaches (0ms)
		SetupLoadedEditorAssemblies (972ms)
			LogAssemblyErrors (0ms)
			InitializePlatformSupportModulesInManaged (14ms)
			SetLoadedEditorAssemblies (9ms)
			RefreshPlugins (0ms)
			BeforeProcessingInitializeOnLoad (227ms)
			ProcessInitializeOnLoadAttributes (601ms)
			ProcessInitializeOnLoadMethodAttributes (104ms)
			AfterProcessingInitializeOnLoad (16ms)
			EditorAssembliesLoaded (0ms)
		ExecutionOrderSort2 (0ms)
		AwakeInstancesAfterBackupRestoration (26ms)
Refreshing native plugins compatible for Editor in 11.44 ms, found 4 plugins.
Preloading 0 native plugins for Editor in 0.00 ms.
Unloading 5532 Unused Serialized files (Serialized files now loaded: 0)
Unloading 54 unused Assets / (505.3 KB). Loaded Objects now: 6206.
Memory consumption went from 205.3 MB to 204.8 MB.
Total: 4.300500 ms (FindLiveObjects: 0.508500 ms CreateObjectMapping: 0.142800 ms MarkObjects: 3.283500 ms  DeleteObjects: 0.363700 ms)

Prepare: number of updated asset objects reloaded= 0
AssetImportParameters requested are different than current active one (requested -> active):
  custom:container-demuxer-ogg: 62fdf1f143b41e24485cea50d1cbac27 -> 
  custom:video-codec-MediaFoundation-h265: 746d11721c4dcdbdad8f713fa42b33f4 -> 
  custom:video-decoder-ogg-theora: a1e56fd34408186e4bbccfd4996cb3dc -> 
  custom:framework-win-MediaFoundation: 216162199b28c13a410421893ffa2e32 -> 
  custom:scripting/monoscript/fileName/CashHandler.cs: c73734826f03d1273f489888b22c04e5 -> f7106967e69d7ea59fa3c9d107ba3289
  custom:scripting/monoscript/fileName/HealthHandler.cs: 41ff4962759a92b661b5174a756d3c4d -> d9f8f1ab6b5a92d9eec3a080b636c1c2
  custom:CustomObjectIndexerAttribute: 62b5816608c3102f162a1797e29626cf -> 
  custom:container-demuxer-webm: 4f35f7cbe854078d1ac9338744f61a02 -> 
  custom:scripting/monoscript/fileName/towerButton.cs: 9aa511fb1c179cdc1fa3a37f03574b3c -> 99aecc600ea35a4d179d5b10bf0bc70c
  custom:container-muxer-webm: aa71ff27fc2769a1b78a27578f13a17b -> 
  custom:video-decoder-webm-vp8: 9c59270c3fd7afecdb556c50c9e8de78 -> 
  custom:SearchIndexIgnoredProperties: e643bd26f0fe6173181afceb89e7c659 -> 
  custom:AudioImporter_EditorPlatform: d09bf68614088b80899f8185d706f6e7 -> 
  custom:video-encoder-webm-vp8: eb34c28f22e8b96e1ab97ce403110664 -> 
  custom:audio-decoder-ogg-vorbis: bf7c407c2cedff20999df2af8eb42d56 -> 
  custom:audio-encoder-webm-vorbis: bf7c407c2cedff20999df2af8eb42d56 -> 
========================================================================
Received Import Request.
  Time since last request: 25.683342 seconds.
  path: Assets/prefabs/Misc_/Barrier.prefab
  artifactKey: Guid(412b2ab92aa1f6b45a9eacfbd8587b82) Importer(815301076,1909f56bfc062723c751e8b465ee728b)
Start importing Assets/prefabs/Misc_/Barrier.prefab using Guid(412b2ab92aa1f6b45a9eacfbd8587b82) Importer(815301076,1909f56bfc062723c751e8b465ee728b)  -> (artifact id: '95999394a0018a8c17784cf08522c475') in 0.261782 seconds
Number of updated asset objects reloaded before import = 0
Number of asset objects unloaded after import = 29
========================================================================
Received Prepare
Begin MonoManager ReloadAssembly
- Loaded All Assemblies, in  0.651 seconds
Refreshing native plugins compatible for Editor in 5.96 ms, found 4 plugins.
Native extension for WindowsStandalone target not found
[Package Manager] Server::EnsureServerProcessIsRunning -- launch failed, reason: Unity was launched with the -noUpm command-line argument
[Package Manager] UpmClient::Send -- Unable to send message (not connected to UPM process).
[Package Manager] Cannot connect to Unity Package Manager local server
Mono: successfully reloaded assembly
- Finished resetting the current domain, in  2.245 seconds
Domain Reload Profiling: 2892ms
	BeginReloadAssembly (198ms)
		ExecutionOrderSort (0ms)
		DisableScriptedObjects (21ms)
		BackupInstance (0ms)
		ReleaseScriptingObjects (0ms)
		CreateAndSetChildDomain (50ms)
	RebuildCommonClasses (34ms)
	RebuildNativeTypeToScriptingClass (8ms)
	initialDomainReloadingComplete (33ms)
	LoadAllAssembliesAndSetupDomain (373ms)
		LoadAssemblies (443ms)
		RebuildTransferFunctionScriptingTraits (0ms)
		AnalyzeDomain (21ms)
			TypeCache.Refresh (6ms)
				TypeCache.ScanAssembly (0ms)
			ScanForSourceGeneratedMonoScriptInfo (0ms)
			ResolveRequiredComponents (13ms)
	FinalizeReload (2246ms)
		ReleaseScriptCaches (0ms)
		RebuildScriptCaches (0ms)
		SetupLoadedEditorAssemblies (878ms)
			LogAssemblyErrors (0ms)
			InitializePlatformSupportModulesInManaged (12ms)
			SetLoadedEditorAssemblies (9ms)
			RefreshPlugins (0ms)
			BeforeProcessingInitializeOnLoad (184ms)
			ProcessInitializeOnLoadAttributes (566ms)
			ProcessInitializeOnLoadMethodAttributes (93ms)
			AfterProcessingInitializeOnLoad (15ms)
			EditorAssembliesLoaded (0ms)
		ExecutionOrderSort2 (0ms)
		AwakeInstancesAfterBackupRestoration (27ms)
Refreshing native plugins compatible for Editor in 12.24 ms, found 4 plugins.
Preloading 0 native plugins for Editor in 0.00 ms.
Unloading 5532 Unused Serialized files (Serialized files now loaded: 0)
Unloading 54 unused Assets / (505.1 KB). Loaded Objects now: 6247.
Memory consumption went from 207.3 MB to 206.8 MB.
Total: 4.021100 ms (FindLiveObjects: 0.496700 ms CreateObjectMapping: 0.130200 ms MarkObjects: 3.155900 ms  DeleteObjects: 0.236400 ms)

Prepare: number of updated asset objects reloaded= 0
AssetImportParameters requested are different than current active one (requested -> active):
  custom:container-demuxer-ogg: 62fdf1f143b41e24485cea50d1cbac27 -> 
  custom:video-codec-MediaFoundation-h265: 746d11721c4dcdbdad8f713fa42b33f4 -> 
  custom:video-decoder-ogg-theora: a1e56fd34408186e4bbccfd4996cb3dc -> 
  custom:framework-win-MediaFoundation: 216162199b28c13a410421893ffa2e32 -> 
  custom:scripting/monoscript/fileName/CashHandler.cs: c73734826f03d1273f489888b22c04e5 -> f7106967e69d7ea59fa3c9d107ba3289
  custom:scripting/monoscript/fileName/HealthHandler.cs: 41ff4962759a92b661b5174a756d3c4d -> d9f8f1ab6b5a92d9eec3a080b636c1c2
  custom:CustomObjectIndexerAttribute: 62b5816608c3102f162a1797e29626cf -> 
  custom:container-demuxer-webm: 4f35f7cbe854078d1ac9338744f61a02 -> 
  custom:scripting/monoscript/fileName/towerButton.cs: 9aa511fb1c179cdc1fa3a37f03574b3c -> 99aecc600ea35a4d179d5b10bf0bc70c
  custom:container-muxer-webm: aa71ff27fc2769a1b78a27578f13a17b -> 
  custom:video-decoder-webm-vp8: 9c59270c3fd7afecdb556c50c9e8de78 -> 
  custom:SearchIndexIgnoredProperties: e643bd26f0fe6173181afceb89e7c659 -> 
  custom:AudioImporter_EditorPlatform: d09bf68614088b80899f8185d706f6e7 -> 
  custom:video-encoder-webm-vp8: eb34c28f22e8b96e1ab97ce403110664 -> 
  custom:audio-decoder-ogg-vorbis: bf7c407c2cedff20999df2af8eb42d56 -> 
  custom:audio-encoder-webm-vorbis: bf7c407c2cedff20999df2af8eb42d56 -> 
========================================================================
Received Import Request.
  Time since last request: 358.915862 seconds.
  path: Assets/prefabs/Misc_/Universal UI
  artifactKey: Guid(c7ac272326175f948b500789432bfb33) Importer(815301076,1909f56bfc062723c751e8b465ee728b)
Start importing Assets/prefabs/Misc_/Universal UI using Guid(c7ac272326175f948b500789432bfb33) Importer(815301076,1909f56bfc062723c751e8b465ee728b)  -> (artifact id: '926bd9783266011d9011d6bb495a7fae') in 0.002529 seconds
Number of updated asset objects reloaded before import = 0
Number of asset objects unloaded after import = 0
========================================================================
Received Import Request.
  Time since last request: 11.812068 seconds.
  path: Assets/prefabs/Misc_/Enviornment
  artifactKey: Guid(ccedab27a459e0349953bf03b42fb835) Importer(815301076,1909f56bfc062723c751e8b465ee728b)
Start importing Assets/prefabs/Misc_/Enviornment using Guid(ccedab27a459e0349953bf03b42fb835) Importer(815301076,1909f56bfc062723c751e8b465ee728b)  -> (artifact id: '89f0db29219422834e8756f61a4dd511') in 0.000715 seconds
Number of updated asset objects reloaded before import = 0
Number of asset objects unloaded after import = 0
========================================================================
Received Import Request.
  Time since last request: 4.971697 seconds.
  path: Assets/prefabs/Misc_/Universal UI/UI.prefab
  artifactKey: Guid(1f98f89d69012d44e86fbd0e38f3490d) Importer(815301076,1909f56bfc062723c751e8b465ee728b)
Start importing Assets/prefabs/Misc_/Universal UI/UI.prefab using Guid(1f98f89d69012d44e86fbd0e38f3490d) Importer(815301076,1909f56bfc062723c751e8b465ee728b)  -> (artifact id: '39f65ec137fb65e8701fecce8ff975ed') in 0.116915 seconds
Number of updated asset objects reloaded before import = 0
Number of asset objects unloaded after import = 77
========================================================================
Received Import Request.
  Time since last request: 73.783441 seconds.
  path: Assets/Scripts/Bullets
  artifactKey: Guid(4cbb777489fef7b4da02e153d148aedd) Importer(815301076,1909f56bfc062723c751e8b465ee728b)
Start importing Assets/Scripts/Bullets using Guid(4cbb777489fef7b4da02e153d148aedd) Importer(815301076,1909f56bfc062723c751e8b465ee728b)  -> (artifact id: '27fa5541d177bc75011f9815cc80cf6f') in 0.005203 seconds
Number of updated asset objects reloaded before import = 0
Number of asset objects unloaded after import = 0
========================================================================
Received Prepare
Refreshing native plugins compatible for Editor in 9.99 ms, found 4 plugins.
Preloading 0 native plugins for Editor in 0.00 ms.
Unloading 8 Unused Serialized files (Serialized files now loaded: 0)
Unloading 9 unused Assets / (489.2 KB). Loaded Objects now: 6247.
Memory consumption went from 121.9 MB to 121.5 MB.
Total: 6.000500 ms (FindLiveObjects: 0.580400 ms CreateObjectMapping: 0.370300 ms MarkObjects: 4.779500 ms  DeleteObjects: 0.268800 ms)

Prepare: number of updated asset objects reloaded= 0
AssetImportParameters requested are different than current active one (requested -> active):
  custom:container-demuxer-ogg: 62fdf1f143b41e24485cea50d1cbac27 -> 
  custom:video-codec-MediaFoundation-h265: 746d11721c4dcdbdad8f713fa42b33f4 -> 
  custom:video-decoder-ogg-theora: a1e56fd34408186e4bbccfd4996cb3dc -> 
  custom:framework-win-MediaFoundation: 216162199b28c13a410421893ffa2e32 -> 
  custom:scripting/monoscript/fileName/CashHandler.cs: c73734826f03d1273f489888b22c04e5 -> f7106967e69d7ea59fa3c9d107ba3289
  custom:scripting/monoscript/fileName/HealthHandler.cs: 41ff4962759a92b661b5174a756d3c4d -> d9f8f1ab6b5a92d9eec3a080b636c1c2
  custom:CustomObjectIndexerAttribute: 62b5816608c3102f162a1797e29626cf -> 
  custom:container-demuxer-webm: 4f35f7cbe854078d1ac9338744f61a02 -> 
  custom:scripting/monoscript/fileName/towerButton.cs: 9aa511fb1c179cdc1fa3a37f03574b3c -> 99aecc600ea35a4d179d5b10bf0bc70c
  custom:container-muxer-webm: aa71ff27fc2769a1b78a27578f13a17b -> 
  custom:video-decoder-webm-vp8: 9c59270c3fd7afecdb556c50c9e8de78 -> 
  custom:SearchIndexIgnoredProperties: e643bd26f0fe6173181afceb89e7c659 -> 
  custom:AudioImporter_EditorPlatform: d09bf68614088b80899f8185d706f6e7 -> 
  custom:video-encoder-webm-vp8: eb34c28f22e8b96e1ab97ce403110664 -> 
  custom:audio-decoder-ogg-vorbis: bf7c407c2cedff20999df2af8eb42d56 -> 
  custom:audio-encoder-webm-vorbis: bf7c407c2cedff20999df2af8eb42d56 -> 
